<?xml version="1.0" encoding="UTF-8" standalone="yes"?><!DOCTYPE report PUBLIC "-//JACOCO//DTD Report 1.1//EN" "report.dtd"><report name="Opencast :: playlists"><sessioninfo id="runnervmliwqe-4d229edd" start="1785746164357" dump="1785746213022"/><sessioninfo id="runnervmliwqe-e249f7e1" start="1785746616891" dump="1785746623632"/><sessioninfo id="runnervmliwqe-5ce89dd2" start="1785746734133" dump="1785746747367"/><group name="opencast-common"/><group name="opencast-search-service-api"/><group name="opencast-elasticsearch-api"/><group name="opencast-elasticsearch-index"/></report>