<?xml version="1.0" encoding="UTF-8" standalone="yes"?><!DOCTYPE report PUBLIC "-//JACOCO//DTD Report 1.1//EN" "report.dtd"><report name="Opencast :: adopter-registration-impl"><sessioninfo id="runnervmyfcvg-49de58a0" start="1758030458936" dump="1758030502842"/><sessioninfo id="runnervmyfcvg-dd7d984b" start="1758030538638" dump="1758030540299"/><sessioninfo id="runnervmyfcvg-c4e009ae" start="1758030700423" dump="1758030706180"/><sessioninfo id="runnervmyfcvg-1a1c92b3" start="1758030981261" dump="1758031014789"/><group name="opencast-adopter-registration-api"/><group name="opencast-common"/><group name="opencast-series-service-api"/><group name="opencast-userdirectory"/><group name="opencast-asset-manager-api"/><group name="opencast-capture-admin-service-api"/><group name="opencast-search-service-api"/><group name="opencast-dublincore"/></report>