<?xml version="1.0" encoding="UTF-8" standalone="yes"?><!DOCTYPE report PUBLIC "-//JACOCO//DTD Report 1.1//EN" "report.dtd"><report name="Opencast :: publication-service-oaipmh-remote"><sessioninfo id="runnervm76wwg-bf0097cf" start="1788467512726" dump="1788467557622"/><sessioninfo id="runnervm76wwg-3491df1" start="1788467679407" dump="1788467707369"/><sessioninfo id="runnervm76wwg-2eaae950" start="1788468020932" dump="1788468023180"/><sessioninfo id="runnervm76wwg-52ab4846" start="1788468046176" dump="1788468060125"/><group name="opencast-publication-service-api"/><group name="opencast-common"/><group name="opencast-urlsigning-service-api"/></report>