<?xml version="1.0" encoding="UTF-8" standalone="yes"?><!DOCTYPE report PUBLIC "-//JACOCO//DTD Report 1.1//EN" "report.dtd"><report name="Opencast :: videosegmenter-ffmpeg"><sessioninfo id="runnervmyfcvg-2c14ecf0" start="1757449672323" dump="1757449719862"/><sessioninfo id="runnervmyfcvg-a11a1448" start="1757449879478" dump="1757449882099"/><sessioninfo id="runnervmyfcvg-9313906" start="1757450086532" dump="1757450094735"/><group name="opencast-common"/><group name="opencast-videosegmenter-api"/><group name="opencast-workspace-api"/><group name="opencast-mpeg7"/></report>