<?xml version="1.0" encoding="UTF-8" standalone="yes"?><!DOCTYPE report PUBLIC "-//JACOCO//DTD Report 1.1//EN" "report.dtd"><report name="Opencast :: asset-manager-storage-aws"><sessioninfo id="runnervmliwqe-4d229edd" start="1785746164357" dump="1785746213022"/><sessioninfo id="runnervmliwqe-467de7f1" start="1785746220225" dump="1785746222478"/><sessioninfo id="runnervmliwqe-7ac0d4ca" start="1785746786845" dump="1785746877976"/><sessioninfo id="runnervmliwqe-c57462ba" start="1785746888305" dump="1785746909315"/><group name="opencast-common"/><group name="opencast-workspace-api"/><group name="opencast-asset-manager-api"/><group name="opencast-asset-manager-impl"/></report>