<?xml version="1.0" encoding="UTF-8" standalone="yes"?><!DOCTYPE report PUBLIC "-//JACOCO//DTD Report 1.1//EN" "report.dtd"><report name="Opencast :: silencedetection-impl"><sessioninfo id="runnervmyfcvg-2c14ecf0" start="1757449672323" dump="1757449719862"/><sessioninfo id="runnervmyfcvg-eb8c7794" start="1757449817648" dump="1757449819766"/><sessioninfo id="runnervmyfcvg-b8a277f4" start="1757450064077" dump="1757450066858"/><group name="opencast-silencedetection-api"/><group name="opencast-smil-api"/><group name="opencast-common"/><group name="opencast-workspace-api"/></report>