<?xml version="1.0" encoding="UTF-8" standalone="yes"?><!DOCTYPE report PUBLIC "-//JACOCO//DTD Report 1.1//EN" "report.dtd"><report name="Opencast :: security-jwt"><sessioninfo id="runnervm76wwg-bf0097cf" start="1788467512726" dump="1788467557622"/><sessioninfo id="runnervm76wwg-c2812fea" start="1788467572840" dump="1788467583948"/><sessioninfo id="runnervm76wwg-a136ed0e" start="1788467830999" dump="1788467862766"/><sessioninfo id="runnervm76wwg-26c405ea" start="1788467957125" dump="1788467975572"/><group name="opencast-common"/><group name="opencast-common-jpa-impl"/><group name="opencast-userdirectory"/></report>