<?xml version="1.0" encoding="UTF-8" standalone="yes"?><!DOCTYPE report PUBLIC "-//JACOCO//DTD Report 1.1//EN" "report.dtd"><report name="Opencast :: metadata-to-acl-workflowoperation"><sessioninfo id="runnervmyfcvg-1b6a17b3" start="1758028126000" dump="1758028170834"/><sessioninfo id="runnervmyfcvg-697a5f52" start="1758028365932" dump="1758028371997"/><sessioninfo id="runnervmyfcvg-e2dd3dac" start="1758028649399" dump="1758028683112"/><sessioninfo id="runnervmyfcvg-ec9fc1d3" start="1758028815781" dump="1758028818776"/><group name="opencast-common"/><group name="opencast-workflow-service-api"/><group name="opencast-dublincore"/><group name="opencast-userdirectory"/><group name="opencast-workspace-api"/></report>