<?xml version="1.0" encoding="UTF-8" standalone="yes"?><!DOCTYPE report PUBLIC "-//JACOCO//DTD Report 1.1//EN" "report.dtd"><report name="Opencast :: oaipmh"><sessioninfo id="runnervm7g52i-d3fe7fa3" start="1790181556566" dump="1790181602030"/><sessioninfo id="runnervm7g52i-46db1bab" start="1790181701586" dump="1790181709139"/><sessioninfo id="runnervm7g52i-16e2dce2" start="1790181875513" dump="1790181886236"/><sessioninfo id="runnervm7g52i-979d9932" start="1790181998253" dump="1790182016050"/><group name="opencast-oaipmh-api"/><group name="opencast-oaipmh-persistence"/><group name="opencast-common"/><group name="opencast-dublincore"/></report>