<?xml version="1.0" encoding="UTF-8" standalone="yes"?><!DOCTYPE report PUBLIC "-//JACOCO//DTD Report 1.1//EN" "report.dtd"><report name="Opencast :: workflow-workflowoperation"><sessioninfo id="runnervm7g52i-7e2aba18" start="1789071829302" dump="1789071830760"/><sessioninfo id="runnervm7g52i-42ac8f70" start="1789071838469" dump="1789071840396"/><sessioninfo id="runnervm7g52i-c1399910" start="1789071809967" dump="1789071858464"/><sessioninfo id="runnervm7g52i-8007e96f" start="1789071867108" dump="1789071868695"/><sessioninfo id="runnervm7g52i-d1edddca" start="1789071867149" dump="1789071869826"/><sessioninfo id="runnervm7g52i-84b2601a" start="1789071971404" dump="1789071979120"/><sessioninfo id="runnervm7g52i-51f9e1ec" start="1789072281388" dump="1789072287919"/><sessioninfo id="runnervm7g52i-eda72b70" start="1789072407801" dump="1789072424943"/><group name="opencast-common"/><group name="opencast-list-providers-api"/><group name="opencast-dublincore"/><group name="opencast-distribution-service-api"/><group name="opencast-subtitle-parser"/><group name="opencast-workspace-api"/><group name="opencast-workflow-service-api"/><group name="opencast-working-file-repository-service-api"/><group name="opencast-series-service-api"/><group name="opencast-distribution-workflowoperation"/><group name="opencast-asset-manager-api"/><group name="opencast-workflow-condition-parser"/></report>