<?xml version="1.0" encoding="UTF-8" standalone="yes"?><!DOCTYPE report PUBLIC "-//JACOCO//DTD Report 1.1//EN" "report.dtd"><report name="Opencast :: textanalyzer-impl"><sessioninfo id="runnervmyfcvg-49de58a0" start="1758030458936" dump="1758030502842"/><sessioninfo id="runnervmyfcvg-b9c8ebb3" start="1758030692897" dump="1758030695571"/><group name="opencast-common"/><group name="opencast-textanalyzer-api"/><group name="opencast-mpeg7"/><group name="opencast-dictionary-api"/><group name="opencast-workspace-api"/></report>