<?xml version="1.0" encoding="UTF-8" standalone="yes"?><!DOCTYPE report PUBLIC "-//JACOCO//DTD Report 1.1//EN" "report.dtd"><report name="Opencast :: scheduler-remote"><sessioninfo id="runnervmliwqe-4d229edd" start="1785746164357" dump="1785746213022"/><sessioninfo id="runnervmliwqe-ccd74ce3" start="1785746324293" dump="1785746330782"/><sessioninfo id="runnervmliwqe-443aa10c" start="1785746510434" dump="1785746514007"/><group name="opencast-common"/><group name="opencast-dublincore"/><group name="opencast-scheduler-api"/></report>