<?xml version="1.0" encoding="UTF-8" standalone="yes"?><!DOCTYPE report PUBLIC "-//JACOCO//DTD Report 1.1//EN" "report.dtd"><report name="Opencast :: caption-impl"><sessioninfo id="runnervmliwqe-4d229edd" start="1785746164357" dump="1785746213022"/><sessioninfo id="runnervmliwqe-d04fd9c6" start="1785746318394" dump="1785746321641"/><sessioninfo id="runnervmliwqe-7af1dca0" start="1785746497954" dump="1785746500957"/><group name="opencast-caption-api"/><group name="opencast-common"/><group name="opencast-mpeg7"/><group name="opencast-workspace-api"/></report>