<?xml version="1.0" encoding="UTF-8" standalone="yes"?><!DOCTYPE report PUBLIC "-//JACOCO//DTD Report 1.1//EN" "report.dtd"><report name="Opencast :: dictionary-hunspell"><sessioninfo id="runnervmvatxw-8ad91aff" start="1768801286880" dump="1768801331604"/><sessioninfo id="runnervmvatxw-ba3616a0" start="1768801486018" dump="1768801488500"/><sessioninfo id="runnervmvatxw-a36c60b4" start="1768801810557" dump="1768801812991"/><group name="opencast-common"/><group name="opencast-dictionary-api"/><group name="opencast-mpeg7"/></report>