<?xml version="1.0" encoding="UTF-8" standalone="yes"?><!DOCTYPE report PUBLIC "-//JACOCO//DTD Report 1.1//EN" "report.dtd"><report name="Opencast :: static-file-service-impl"><sessioninfo id="runnervmyfcvg-1b6a17b3" start="1758028126000" dump="1758028170834"/><sessioninfo id="runnervmyfcvg-f90dfa9b" start="1758028237734" dump="1758028239768"/><sessioninfo id="runnervmyfcvg-353ced3" start="1758028431198" dump="1758028433830"/><group name="opencast-static-file-service-api"/><group name="opencast-common"/></report>