<?xml version="1.0" encoding="UTF-8" standalone="yes"?><!DOCTYPE report PUBLIC "-//JACOCO//DTD Report 1.1//EN" "report.dtd"><report name="Opencast :: cover-image-workflowoperation"><sessioninfo id="runnervm76wwg-bf0097cf" start="1788467512726" dump="1788467557622"/><sessioninfo id="runnervm76wwg-d86845b6" start="1788467564840" dump="1788467566202"/><sessioninfo id="runnervm76wwg-aec4fc19" start="1788467650462" dump="1788467657398"/><sessioninfo id="runnervm76wwg-7540dc81" start="1788467812134" dump="1788467814454"/><group name="opencast-common"/><group name="opencast-cover-image-api"/><group name="opencast-dublincore"/><group name="opencast-metadata-api"/><group name="opencast-workflow-service-api"/><group name="opencast-workspace-api"/></report>