<?xml version="1.0" encoding="UTF-8" standalone="yes"?><!DOCTYPE report PUBLIC "-//JACOCO//DTD Report 1.1//EN" "report.dtd"><report name="Opencast :: editor-service"><sessioninfo id="runnervmyfcvg-1b6a17b3" start="1758028126000" dump="1758028170834"/><sessioninfo id="runnervmyfcvg-129b30f0" start="1758028207519" dump="1758028209322"/><sessioninfo id="runnervmyfcvg-e65b5c43" start="1758028254220" dump="1758028255940"/><sessioninfo id="runnervmyfcvg-697a5f52" start="1758028365932" dump="1758028371997"/><sessioninfo id="runnervmyfcvg-27f8631d" start="1758028737562" dump="1758028745129"/><sessioninfo id="runnervmyfcvg-572f0928" start="1758028759382" dump="1758028765530"/><sessioninfo id="runnervmyfcvg-47b0a5b2" start="1758028912198" dump="1758028923686"/><sessioninfo id="runnervmyfcvg-a2653ed5" start="1758028957555" dump="1758028962151"/><group name="opencast-editor-service-api"/><group name="opencast-asset-manager-api"/><group name="opencast-workspace-api"/><group name="opencast-elasticsearch-api"/><group name="opencast-elasticsearch-index"/><group name="opencast-common"/><group name="opencast-urlsigning-service-api"/><group name="opencast-workflow-service-api"/><group name="opencast-index-service"/><group name="opencast-smil-api"/><group name="opencast-shared-filesystem-utils"/><group name="opencast-distribution-workflowoperation"/><group name="opencast-dublincore"/></report>