<?xml version="1.0" encoding="UTF-8" standalone="yes"?><!DOCTYPE report PUBLIC "-//JACOCO//DTD Report 1.1//EN" "report.dtd"><report name="Opencast :: textanalyzer-impl"><sessioninfo id="runnervmvatxw-8ad91aff" start="1768801286880" dump="1768801331604"/><sessioninfo id="runnervmvatxw-ba3616a0" start="1768801486018" dump="1768801488500"/><group name="opencast-common"/><group name="opencast-textanalyzer-api"/><group name="opencast-mpeg7"/><group name="opencast-dictionary-api"/><group name="opencast-workspace-api"/></report>