<?xml version="1.0" encoding="UTF-8" standalone="yes"?><!DOCTYPE report PUBLIC "-//JACOCO//DTD Report 1.1//EN" "report.dtd"><report name="Opencast :: live-schedule-impl"><sessioninfo id="runnervmvatxw-8ad91aff" start="1768801286880" dump="1768801331604"/><sessioninfo id="runnervmvatxw-a5d2eb4e" start="1768801364819" dump="1768801366615"/><sessioninfo id="runnervmvatxw-eb981a1c" start="1768801493861" dump="1768801499792"/><sessioninfo id="runnervmvatxw-16dd0d96" start="1768801693194" dump="1768801695625"/><sessioninfo id="runnervmvatxw-2fb21eaa" start="1768801853371" dump="1768801859770"/><group name="opencast-capture-admin-service-api"/><group name="opencast-common"/><group name="opencast-distribution-service-api"/><group name="opencast-dublincore"/><group name="opencast-live-schedule-api"/><group name="opencast-message-broker-api"/><group name="opencast-search-service-api"/><group name="opencast-series-service-api"/><group name="opencast-workspace-api"/><group name="opencast-asset-manager-api"/><group name="opencast-scheduler-api"/></report>