<?xml version="1.0" encoding="UTF-8" standalone="yes"?><!DOCTYPE report PUBLIC "-//JACOCO//DTD Report 1.1//EN" "report.dtd"><report name="Opencast :: userdirectory-ldap"><sessioninfo id="runnervmec1zy-2d1916a8" start="1787697643087" dump="1787697687178"/><sessioninfo id="runnervmec1zy-de2257ce" start="1787697989981" dump="1787698027958"/><sessioninfo id="runnervmec1zy-36f71ee1" start="1787698133998" dump="1787698147611"/><group name="opencast-common"/><group name="opencast-userdirectory"/></report>