<?xml version="1.0" encoding="UTF-8" standalone="yes"?><!DOCTYPE report PUBLIC "-//JACOCO//DTD Report 1.1//EN" "report.dtd"><report name="Opencast :: asset-manager-impl"><sessioninfo id="runnervm7g52i-d3fe7fa3" start="1790181556566" dump="1790181602030"/><sessioninfo id="runnervm7g52i-d0973bc6" start="1790181610038" dump="1790181612155"/><sessioninfo id="runnervm7g52i-46db1bab" start="1790181701586" dump="1790181709139"/><sessioninfo id="runnervm7g52i-96d38cfa" start="1790181722552" dump="1790181751981"/><sessioninfo id="runnervm7g52i-5bed3149" start="1790181962777" dump="1790181969258"/><sessioninfo id="runnervm7g52i-13fbd7f5" start="1790182046681" dump="1790182074102"/><sessioninfo id="runnervm7g52i-b0763648" start="1790182108420" dump="1790182152578"/><group name="opencast-asset-manager-api"/><group name="opencast-common"/><group name="opencast-kernel"/><group name="opencast-message-broker-api"/><group name="opencast-workflow-service-api"/><group name="opencast-workspace-api"/><group name="opencast-dublincore"/><group name="opencast-elasticsearch-api"/><group name="opencast-elasticsearch-index"/><group name="opencast-authorization-manager"/></report>