<?xml version="1.0" encoding="UTF-8" standalone="yes"?><!DOCTYPE report PUBLIC "-//JACOCO//DTD Report 1.1//EN" "report.dtd"><report name="Opencast :: series-service-impl"><sessioninfo id="runnervmyfcvg-49de58a0" start="1758030458936" dump="1758030502842"/><sessioninfo id="runnervmyfcvg-c4e009ae" start="1758030700423" dump="1758030706180"/><sessioninfo id="runnervmyfcvg-7af0cb49" start="1758031070274" dump="1758031075743"/><sessioninfo id="runnervmyfcvg-9fed4579" start="1758031177787" dump="1758031206452"/><sessioninfo id="runnervmyfcvg-35ff9af7" start="1758031241621" dump="1758031260401"/><group name="opencast-series-service-api"/><group name="opencast-common"/><group name="opencast-dublincore"/><group name="opencast-message-broker-api"/><group name="opencast-elasticsearch-api"/><group name="opencast-elasticsearch-index"/><group name="opencast-authorization-manager"/></report>