<?xml version="1.0" encoding="UTF-8" standalone="yes"?><!DOCTYPE report PUBLIC "-//JACOCO//DTD Report 1.1//EN" "report.dtd"><report name="Opencast :: transcription-service-microsoft-azure"><sessioninfo id="runnervmyfcvg-1b6a17b3" start="1758028126000" dump="1758028170834"/><sessioninfo id="runnervmyfcvg-129b30f0" start="1758028207519" dump="1758028209322"/><sessioninfo id="runnervmyfcvg-e58cae5f" start="1758028321186" dump="1758028329621"/><sessioninfo id="runnervmyfcvg-f507c29c" start="1758028599733" dump="1758028602370"/><group name="opencast-asset-manager-api"/><group name="opencast-shared-filesystem-utils"/><group name="opencast-common"/><group name="opencast-transcription-service-api"/><group name="opencast-transcription-service-persistence"/><group name="opencast-workflow-service-api"/><group name="opencast-workspace-api"/></report>