<?xml version="1.0" encoding="UTF-8" standalone="yes"?><!DOCTYPE report PUBLIC "-//JACOCO//DTD Report 1.1//EN" "report.dtd"><report name="Opencast :: playlists"><sessioninfo id="runnervm7g52i-c1399910" start="1789071809967" dump="1789071858464"/><sessioninfo id="runnervm7g52i-ae1960b1" start="1789072264124" dump="1789072271137"/><sessioninfo id="runnervm7g52i-85593954" start="1789072384391" dump="1789072399147"/><group name="opencast-common"/><group name="opencast-search-service-api"/><group name="opencast-elasticsearch-api"/><group name="opencast-elasticsearch-index"/></report>