GROUP,PACKAGE,CLASS,INSTRUCTION_MISSED,INSTRUCTION_COVERED,BRANCH_MISSED,BRANCH_COVERED,LINE_MISSED,LINE_COVERED,COMPLEXITY_MISSED,COMPLEXITY_COVERED,METHOD_MISSED,METHOD_COVERED
Opencast :: jacoco-reports/opencast-admin-service,org.opencastproject.adminui.tobira,TobiraException,28,0,0,0,12,0,3,0,3,0
Opencast :: jacoco-reports/opencast-admin-service,org.opencastproject.adminui.tobira,TobiraService,209,0,10,0,55,0,21,0,16,0
Opencast :: jacoco-reports/opencast-admin-service,org.opencastproject.adminui.userdirectory,UIRolesRoleProvider,121,0,8,0,31,0,15,0,11,0
Opencast :: jacoco-reports/opencast-admin-service,org.opencastproject.adminui.util,TextFilter,41,0,6,0,5,0,4,0,1,0
Opencast :: jacoco-reports/opencast-admin-service,org.opencastproject.adminui.util,BulkUpdateUtil.InternalDuration,0,72,0,0,0,14,0,4,0,4
Opencast :: jacoco-reports/opencast-admin-service,org.opencastproject.adminui.util,BulkUpdateUtil,30,380,9,25,6,84,11,15,2,7
Opencast :: jacoco-reports/opencast-admin-service,org.opencastproject.adminui.util,ClassPathInspector,34,0,2,0,12,0,5,0,4,0
Opencast :: jacoco-reports/opencast-admin-service,org.opencastproject.adminui.util,BulkUpdateUtil.BulkUpdateInstructions,0,63,0,2,0,15,0,3,0,2
Opencast :: jacoco-reports/opencast-admin-service,org.opencastproject.adminui.util,BulkUpdateUtil.BulkUpdateInstructionGroup,0,21,0,0,0,8,0,4,0,4
Opencast :: jacoco-reports/opencast-admin-service,org.opencastproject.adminui.impl,ProviderQuery,147,0,10,0,47,0,19,0,14,0
Opencast :: jacoco-reports/opencast-admin-service,org.opencastproject.adminui.impl,RawProviderQuery,18,0,0,0,7,0,6,0,6,0
Opencast :: jacoco-reports/opencast-admin-service,org.opencastproject.adminui.impl,AdminUIConfiguration,5,68,1,1,2,16,2,5,1,5
Opencast :: jacoco-reports/opencast-admin-service,org.opencastproject.adminui.endpoint,GroupsEndpoint,414,0,14,0,98,0,23,0,16,0
Opencast :: jacoco-reports/opencast-admin-service,org.opencastproject.adminui.endpoint,JobEndpoint.JobComparator,49,86,8,10,13,33,7,8,0,2
Opencast :: jacoco-reports/opencast-admin-service,org.opencastproject.adminui.endpoint,ServicesEndpoint.Service,85,142,1,1,14,28,3,13,2,13
Opencast :: jacoco-reports/opencast-admin-service,org.opencastproject.adminui.endpoint,EndpointUtil,93,175,12,16,19,34,8,9,0,3
Opencast :: jacoco-reports/opencast-admin-service,org.opencastproject.adminui.endpoint,JobEndpoint,308,441,41,31,61,102,29,23,2,14
Opencast :: jacoco-reports/opencast-admin-service,org.opencastproject.adminui.endpoint,ServicesEndpoint,30,258,11,43,6,62,9,25,0,7
Opencast :: jacoco-reports/opencast-admin-service,org.opencastproject.adminui.endpoint,ServerEndpoint.CachedServer,0,3,0,0,0,1,0,1,0,1
Opencast :: jacoco-reports/opencast-admin-service,org.opencastproject.adminui.endpoint,CaptureAgentsEndpoint,214,224,36,18,40,49,26,11,4,6
Opencast :: jacoco-reports/opencast-admin-service,org.opencastproject.adminui.endpoint,ServerEndpoint.Status,0,21,0,0,0,2,0,1,0,1
Opencast :: jacoco-reports/opencast-admin-service,org.opencastproject.adminui.endpoint,AbstractEventEndpoint,3742,3761,369,223,816,788,273,136,36,67
Opencast :: jacoco-reports/opencast-admin-service,org.opencastproject.adminui.endpoint,ListProvidersEndpoint,253,69,28,0,61,22,19,5,5,5
Opencast :: jacoco-reports/opencast-admin-service,org.opencastproject.adminui.endpoint,AclEndpoint.new Comparator() {...},54,0,6,0,10,0,5,0,2,0
Opencast :: jacoco-reports/opencast-admin-service,org.opencastproject.adminui.endpoint,VersionEndpoint,134,0,8,0,32,0,9,0,5,0
Opencast :: jacoco-reports/opencast-admin-service,org.opencastproject.adminui.endpoint,ServerEndpoint.Server,0,3,0,0,0,1,0,1,0,1
Opencast :: jacoco-reports/opencast-admin-service,org.opencastproject.adminui.endpoint,UsersEndpoint.JsonRole,7,10,0,0,2,4,2,1,2,1
Opencast :: jacoco-reports/opencast-admin-service,org.opencastproject.adminui.endpoint,ServerEndpoint.Sort,0,45,0,0,0,2,0,1,0,1
Opencast :: jacoco-reports/opencast-admin-service,org.opencastproject.adminui.endpoint,CaptureAgentsEndpoint.new Comparator() {...},41,45,8,4,9,7,6,3,0,2
Opencast :: jacoco-reports/opencast-admin-service,org.opencastproject.adminui.endpoint,ThemesEndpoint,198,811,34,42,63,187,35,25,1,21
Opencast :: jacoco-reports/opencast-admin-service,org.opencastproject.adminui.endpoint,UsersEndpoint,765,245,76,16,168,58,56,13,12,9
Opencast :: jacoco-reports/opencast-admin-service,org.opencastproject.adminui.endpoint,JobEndpoint.JobExtended,0,15,0,0,0,6,0,3,0,3
Opencast :: jacoco-reports/opencast-admin-service,org.opencastproject.adminui.endpoint,StatisticsEndpoint,465,0,34,0,121,0,41,0,23,0
Opencast :: jacoco-reports/opencast-admin-service,org.opencastproject.adminui.endpoint,TasksEndpoint,16,216,1,13,5,57,1,14,0,8
Opencast :: jacoco-reports/opencast-admin-service,org.opencastproject.adminui.endpoint,ServicesEndpoint.ServiceStatisticsComparator,23,151,3,26,4,38,3,17,0,2
Opencast :: jacoco-reports/opencast-admin-service,org.opencastproject.adminui.endpoint,SeriesEndpoint,1826,527,127,34,451,127,104,28,32,17
Opencast :: jacoco-reports/opencast-admin-service,org.opencastproject.adminui.endpoint,ServerEndpoint.ServerComparator,24,44,4,5,4,9,4,6,0,3
Opencast :: jacoco-reports/opencast-admin-service,org.opencastproject.adminui.endpoint,VersionEndpoint.new TypeToken() {...},3,0,0,0,1,0,1,0,1,0
Opencast :: jacoco-reports/opencast-admin-service,org.opencastproject.adminui.endpoint,ServerEndpoint,28,436,7,35,5,85,6,26,0,11
Opencast :: jacoco-reports/opencast-admin-service,org.opencastproject.adminui.endpoint,OsgiEventEndpoint,195,0,2,0,70,0,39,0,38,0
Opencast :: jacoco-reports/opencast-admin-service,org.opencastproject.adminui.endpoint,AclEndpoint,263,304,29,19,56,74,26,19,8,13
Opencast :: jacoco-reports/opencast-admin-service,org.opencastproject.adminui.endpoint,JobEndpoint.JobSort,0,57,0,0,0,2,0,1,0,1
Opencast :: jacoco-reports/opencast-admin-service,org.opencastproject.adminui.endpoint,UsersEndpoint.new TypeToken() {...},0,3,0,0,0,1,0,1,0,1
Opencast :: jacoco-reports/opencast-admin-service,org.opencastproject.adminui.endpoint,EndpointUtil.new Object() {...},0,14,0,0,0,4,0,1,0,1
Opencast :: jacoco-reports/opencast-admin-service,org.opencastproject.adminui.endpoint,UserSettingsEndpoint,67,85,0,2,16,21,1,9,1,8
Opencast :: jacoco-reports/opencast-admin-service,org.opencastproject.adminui.usersettings.persistence,UserSettingsServiceException,8,0,0,0,4,0,2,0,2,0
Opencast :: jacoco-reports/opencast-admin-service,org.opencastproject.adminui.usersettings.persistence,UserSettingDto,10,60,0,0,4,21,3,10,3,10
Opencast :: jacoco-reports/opencast-admin-service,org.opencastproject.adminui.usersettings,UserSettingsService,93,416,2,8,19,91,4,25,2,22
Opencast :: jacoco-reports/opencast-admin-service,org.opencastproject.adminui.usersettings,UserSetting,0,47,0,0,0,9,0,5,0,5
Opencast :: jacoco-reports/opencast-admin-service,org.opencastproject.adminui.usersettings,UserSettings,36,133,1,5,9,29,7,9,6,7
Opencast :: jacoco-reports/opencast-admin-service,org.opencastproject.adminui.exception,JobEndpointException,5,0,0,0,2,0,1,0,1,0
Opencast :: jacoco-reports/opencast-admin-service,org.opencastproject.adminui.exception,IllegalLanguageFilenameException,9,0,0,0,4,0,2,0,2,0
Opencast :: jacoco-reports/opencast-admin-service,org.opencastproject.adminui.exception,IllegalPathException,9,0,0,0,4,0,2,0,2,0
Opencast :: jacoco-reports/opencast-admin-service,org.opencastproject.adminui.exception,JsonCreationException,4,0,0,0,2,0,1,0,1,0
Opencast :: jacoco-reports/opencast-adopter-registration-api,org.opencastproject.adopter.registration,AdopterRegistrationExtra,22,0,0,0,10,0,5,0,5,0
Opencast :: jacoco-reports/opencast-adopter-registration-impl,org.opencastproject.adopter.registration.dto,GeneralData,124,0,0,0,36,0,19,0,19,0
Opencast :: jacoco-reports/opencast-adopter-registration-impl,org.opencastproject.adopter.registration.dto,Adopter.TERMSOFUSEVERSION,15,0,0,0,2,0,1,0,1,0
Opencast :: jacoco-reports/opencast-adopter-registration-impl,org.opencastproject.adopter.registration.dto,StatisticData,106,0,2,0,42,0,27,0,26,0
Opencast :: jacoco-reports/opencast-adopter-registration-impl,org.opencastproject.adopter.registration.dto,Host,54,0,0,0,21,0,11,0,11,0
Opencast :: jacoco-reports/opencast-adopter-registration-impl,org.opencastproject.adopter.registration.dto,Adopter,382,0,6,0,131,0,53,0,50,0
Opencast :: jacoco-reports/opencast-adopter-registration-impl,org.opencastproject.adopter.registration,AdopterRegistrationSender,164,0,12,0,39,0,15,0,9,0
Opencast :: jacoco-reports/opencast-adopter-registration-impl,org.opencastproject.adopter.registration,AdopterRegistrationRestService,163,0,8,0,45,0,15,0,11,0
Opencast :: jacoco-reports/opencast-adopter-registration-impl,org.opencastproject.adopter.registration,AdopterRegistrationSender.HttpDeleteWithEntity,9,0,0,0,4,0,2,0,2,0
Opencast :: jacoco-reports/opencast-adopter-registration-impl,org.opencastproject.adopter.registration,AdopterRegistrationException,16,0,0,0,8,0,4,0,4,0
Opencast :: jacoco-reports/opencast-adopter-registration-impl,org.opencastproject.adopter.registration,AdopterRegistrationServiceImpl,674,0,24,0,182,0,44,0,32,0
Opencast :: jacoco-reports/opencast-analyze-mediapackage-workflowoperation,org.opencastproject.workflow.handler.analyzemediapackage,AnalyzeMediapackageWorkflowOperationHandler,70,128,9,11,11,27,8,6,1,3
Opencast :: jacoco-reports/opencast-asset-manager-api,org.opencastproject.assetmanager.api,PropertyId,26,99,4,8,2,15,6,11,2,9
Opencast :: jacoco-reports/opencast-asset-manager-api,org.opencastproject.assetmanager.api,Value.DateType,3,6,0,0,1,2,1,2,1,2
Opencast :: jacoco-reports/opencast-asset-manager-api,org.opencastproject.assetmanager.api,Property,15,66,3,7,1,10,4,9,1,7
Opencast :: jacoco-reports/opencast-asset-manager-api,org.opencastproject.assetmanager.api,Value.DateValue,0,4,0,0,0,2,0,1,0,1
Opencast :: jacoco-reports/opencast-asset-manager-api,org.opencastproject.assetmanager.api,Value.TypedValue,0,55,2,4,0,8,2,7,0,6
Opencast :: jacoco-reports/opencast-asset-manager-api,org.opencastproject.assetmanager.api,Value.VersionValue,4,0,0,0,2,0,1,0,1,0
Opencast :: jacoco-reports/opencast-asset-manager-api,org.opencastproject.assetmanager.api,Value.BooleanType,3,6,0,0,1,2,1,2,1,2
Opencast :: jacoco-reports/opencast-asset-manager-api,org.opencastproject.assetmanager.api,PropertyName,60,25,10,0,4,7,9,4,4,4
Opencast :: jacoco-reports/opencast-asset-manager-api,org.opencastproject.assetmanager.api,Value.new Function() {...},0,5,0,0,0,2,0,2,0,2
Opencast :: jacoco-reports/opencast-asset-manager-api,org.opencastproject.assetmanager.api,Value.new Function() {...},0,5,0,0,0,2,0,2,0,2
Opencast :: jacoco-reports/opencast-asset-manager-api,org.opencastproject.assetmanager.api,Value.new Function() {...},0,5,0,0,0,2,0,2,0,2
Opencast :: jacoco-reports/opencast-asset-manager-api,org.opencastproject.assetmanager.api,Value.new Function() {...},0,5,0,0,0,2,0,2,0,2
Opencast :: jacoco-reports/opencast-asset-manager-api,org.opencastproject.assetmanager.api,Value.StringType,3,6,0,0,1,2,1,2,1,2
Opencast :: jacoco-reports/opencast-asset-manager-api,org.opencastproject.assetmanager.api,Value.new Function() {...},2,3,0,0,1,1,1,1,1,1
Opencast :: jacoco-reports/opencast-asset-manager-api,org.opencastproject.assetmanager.api,Value.new Function() {...},0,10,0,0,0,2,0,2,0,2
Opencast :: jacoco-reports/opencast-asset-manager-api,org.opencastproject.assetmanager.api,Value.StringValue,0,4,0,0,0,2,0,1,0,1
Opencast :: jacoco-reports/opencast-asset-manager-api,org.opencastproject.assetmanager.api,Availability,0,15,0,0,0,2,0,1,0,1
Opencast :: jacoco-reports/opencast-asset-manager-api,org.opencastproject.assetmanager.api,Value.BooleanValue,0,4,0,0,0,2,0,1,0,1
Opencast :: jacoco-reports/opencast-asset-manager-api,org.opencastproject.assetmanager.api,Value.UntypedType,10,3,0,0,2,1,2,1,2,1
Opencast :: jacoco-reports/opencast-asset-manager-api,org.opencastproject.assetmanager.api,AssetId,82,22,12,0,8,7,12,3,6,3
Opencast :: jacoco-reports/opencast-asset-manager-api,org.opencastproject.assetmanager.api,Value,21,133,3,9,4,24,3,14,1,10
Opencast :: jacoco-reports/opencast-asset-manager-api,org.opencastproject.assetmanager.api,AssetManagerException,12,12,0,0,4,6,3,3,3,3
Opencast :: jacoco-reports/opencast-asset-manager-api,org.opencastproject.assetmanager.api,Value.LongType,3,6,0,0,1,2,1,2,1,2
Opencast :: jacoco-reports/opencast-asset-manager-api,org.opencastproject.assetmanager.api,Value.VersionType,6,3,0,0,2,1,2,1,2,1
Opencast :: jacoco-reports/opencast-asset-manager-api,org.opencastproject.assetmanager.api,Value.LongValue,0,4,0,0,0,2,0,1,0,1
Opencast :: jacoco-reports/opencast-asset-manager-api,org.opencastproject.assetmanager.api.storage,DeletionSelector,56,56,12,0,5,11,9,7,3,7
Opencast :: jacoco-reports/opencast-asset-manager-api,org.opencastproject.assetmanager.api.storage,StoragePath,2,111,7,7,0,18,7,10,0,10
Opencast :: jacoco-reports/opencast-asset-manager-api,org.opencastproject.assetmanager.api.storage,AssetStoreException,12,4,0,0,6,2,3,1,3,1
Opencast :: jacoco-reports/opencast-asset-manager-api,org.opencastproject.assetmanager.api.storage,Source,20,32,0,0,3,9,3,5,3,5
Opencast :: jacoco-reports/opencast-asset-manager-api,org.opencastproject.assetmanager.api.fn,Product,9,0,0,0,4,0,2,0,2,0
Opencast :: jacoco-reports/opencast-asset-manager-api,org.opencastproject.assetmanager.api.fn,ProductBuilder,13,0,0,0,4,0,3,0,3,0
Opencast :: jacoco-reports/opencast-asset-manager-api,org.opencastproject.assetmanager.api.fn,Properties,42,13,0,0,5,2,5,2,5,2
Opencast :: jacoco-reports/opencast-asset-manager-impl,org.opencastproject.assetmanager.impl,SnapshotImpl,0,75,0,0,0,27,0,9,0,9
Opencast :: jacoco-reports/opencast-asset-manager-impl,org.opencastproject.assetmanager.impl,AssetManagerImpl.AdminRole,0,21,0,0,0,2,0,1,0,1
Opencast :: jacoco-reports/opencast-asset-manager-impl,org.opencastproject.assetmanager.impl,AssetImpl,9,36,0,0,3,13,3,5,3,5
Opencast :: jacoco-reports/opencast-asset-manager-impl,org.opencastproject.assetmanager.impl,AssetManagerJobProducer.Operation,0,33,0,0,0,2,0,1,0,1
Opencast :: jacoco-reports/opencast-asset-manager-impl,org.opencastproject.assetmanager.impl,RuntimeTypes,8,7,0,0,2,2,0,2,0,2
Opencast :: jacoco-reports/opencast-asset-manager-impl,org.opencastproject.assetmanager.impl,TimedMediaArchiver,222,0,14,0,64,0,22,0,15,0
Opencast :: jacoco-reports/opencast-asset-manager-impl,org.opencastproject.assetmanager.impl,TimedMediaArchiver.Runner,44,0,2,0,9,0,4,0,3,0
Opencast :: jacoco-reports/opencast-asset-manager-impl,org.opencastproject.assetmanager.impl,AssetManagerJobProducer.MoveRecordInfo,14,58,1,5,3,16,2,6,1,4
Opencast :: jacoco-reports/opencast-asset-manager-impl,org.opencastproject.assetmanager.impl,AssetManagerJobProducer,148,399,4,3,34,94,10,21,6,20
Opencast :: jacoco-reports/opencast-asset-manager-impl,org.opencastproject.assetmanager.impl,VersionImpl,2,92,3,9,0,15,3,16,0,13
Opencast :: jacoco-reports/opencast-asset-manager-impl,org.opencastproject.assetmanager.impl,AssetManagerImpl,1522,1931,149,112,306,413,131,108,27,79
Opencast :: jacoco-reports/opencast-asset-manager-impl,org.opencastproject.assetmanager.impl,PartialMediaPackage,3,29,0,0,1,9,1,4,1,4
Opencast :: jacoco-reports/opencast-asset-manager-impl,org.opencastproject.assetmanager.impl.endpoint,AbstractAssetManagerRestEndpoint.new TypeToken() {...},3,0,0,0,1,0,1,0,1,0
Opencast :: jacoco-reports/opencast-asset-manager-impl,org.opencastproject.assetmanager.impl.endpoint,AbstractTieredStorageAssetManagerRestEndpoint,271,0,26,0,75,0,22,0,9,0
Opencast :: jacoco-reports/opencast-asset-manager-impl,org.opencastproject.assetmanager.impl.endpoint,OsgiEndpointHttpAssetProvider,164,0,8,0,34,0,13,0,9,0
Opencast :: jacoco-reports/opencast-asset-manager-impl,org.opencastproject.assetmanager.impl.endpoint,AbstractAssetManagerRestEndpoint,389,0,40,0,99,0,32,0,12,0
Opencast :: jacoco-reports/opencast-asset-manager-impl,org.opencastproject.assetmanager.impl.endpoint,OsgiAssetManagerRestEndpoint,18,0,0,0,8,0,5,0,5,0
Opencast :: jacoco-reports/opencast-asset-manager-impl,org.opencastproject.assetmanager.impl.persistence,SnapshotDtos.Medium,13,22,0,0,4,8,4,2,4,2
Opencast :: jacoco-reports/opencast-asset-manager-impl,org.opencastproject.assetmanager.impl.persistence,PropertyDto.new Function() {...},9,6,0,0,2,1,1,1,1,1
Opencast :: jacoco-reports/opencast-asset-manager-impl,org.opencastproject.assetmanager.impl.persistence,PropertyDto.new Function() {...},0,12,0,0,0,3,0,2,0,2
Opencast :: jacoco-reports/opencast-asset-manager-impl,org.opencastproject.assetmanager.impl.persistence,VersionClaimDto,3,50,0,0,1,11,1,5,1,5
Opencast :: jacoco-reports/opencast-asset-manager-impl,org.opencastproject.assetmanager.impl.persistence,PropertyDto.new Function() {...},0,12,0,0,0,3,0,2,0,2
Opencast :: jacoco-reports/opencast-asset-manager-impl,org.opencastproject.assetmanager.impl.persistence,PropertyDto.new Function() {...},0,12,0,0,0,3,0,2,0,2
Opencast :: jacoco-reports/opencast-asset-manager-impl,org.opencastproject.assetmanager.impl.persistence,PropertyDto.new Function() {...},0,12,0,0,0,3,0,2,0,2
Opencast :: jacoco-reports/opencast-asset-manager-impl,org.opencastproject.assetmanager.impl.persistence,Database,93,1085,6,22,17,215,10,72,5,63
Opencast :: jacoco-reports/opencast-asset-manager-impl,org.opencastproject.assetmanager.impl.persistence,SnapshotDto,58,211,2,8,19,48,8,20,6,17
Opencast :: jacoco-reports/opencast-asset-manager-impl,org.opencastproject.assetmanager.impl.persistence,AssetDto,14,63,0,2,6,17,4,10,4,9
Opencast :: jacoco-reports/opencast-asset-manager-impl,org.opencastproject.assetmanager.impl.persistence,PropertyDto,5,212,1,9,1,45,1,17,0,13
Opencast :: jacoco-reports/opencast-asset-manager-impl,org.opencastproject.assetmanager.impl.persistence,Conversions,10,12,1,1,5,4,1,3,0,3
Opencast :: jacoco-reports/opencast-asset-manager-static-file-authorization,org.opencastproject.assetmanager.auth,AssetManagerStaticFileAuthorization,273,0,32,0,63,0,25,0,9,0
Opencast :: jacoco-reports/opencast-asset-manager-storage-aws,org.opencastproject.assetmanager.aws.persistence,AwsAssetMappingDto,24,210,6,4,4,46,4,14,0,13
Opencast :: jacoco-reports/opencast-asset-manager-storage-aws,org.opencastproject.assetmanager.aws.persistence,AwsAssetDatabaseImpl,54,102,1,1,13,29,1,12,0,12
Opencast :: jacoco-reports/opencast-asset-manager-storage-aws,org.opencastproject.assetmanager.aws.persistence,AwsAssetMapping,0,45,0,0,0,16,0,8,0,8
Opencast :: jacoco-reports/opencast-asset-manager-storage-aws,org.opencastproject.assetmanager.aws.persistence,AwsAssetDatabaseException,9,0,0,0,4,0,2,0,2,0
Opencast :: jacoco-reports/opencast-asset-manager-storage-aws,org.opencastproject.assetmanager.aws,AwsUploadOperationResult,0,15,0,0,0,6,0,3,0,3
Opencast :: jacoco-reports/opencast-asset-manager-storage-aws,org.opencastproject.assetmanager.aws,AwsAbstractArchive,101,324,3,11,28,62,7,18,5,13
Opencast :: jacoco-reports/opencast-asset-manager-storage-aws,org.opencastproject.assetmanager.aws.s3,AwsS3AssetStore,517,519,49,27,116,122,36,28,5,21
Opencast :: jacoco-reports/opencast-asset-manager-storage-aws,org.opencastproject.assetmanager.aws.s3.endpoint,AwsS3RestEndpoint,517,0,50,0,114,0,40,0,15,0
Opencast :: jacoco-reports/opencast-asset-manager-storage-fs,org.opencastproject.assetmanager.storage.impl.fs,OsgiFileSystemAssetStore.new CacheLoader() {...},2,16,1,1,0,3,1,2,0,2
Opencast :: jacoco-reports/opencast-asset-manager-storage-fs,org.opencastproject.assetmanager.storage.impl.fs,AbstractFileSystemAssetStore,142,362,15,22,35,76,16,22,2,17
Opencast :: jacoco-reports/opencast-asset-manager-storage-fs,org.opencastproject.assetmanager.storage.impl.fs,OsgiFileSystemAssetStore,373,110,38,4,84,20,30,6,9,6
Opencast :: jacoco-reports/opencast-asset-manager-storage-fs,org.opencastproject.assetmanager.storage.impl.fs,AbstractFileSystemAssetStore.new FilenameFilter() {...},0,13,0,0,0,2,0,2,0,2
Opencast :: jacoco-reports/opencast-asset-manager-workflowoperation,org.opencastproject.workflow.handler.assetmanager,AssetManagerStorageMoveOperationHandler,155,0,10,0,37,0,13,0,8,0
Opencast :: jacoco-reports/opencast-asset-manager-workflowoperation,org.opencastproject.workflow.handler.assetmanager,AssetManagerSnapshotWorkflowOperationHandler,291,0,46,0,64,0,30,0,7,0
Opencast :: jacoco-reports/opencast-asset-manager-workflowoperation,org.opencastproject.workflow.handler.assetmanager,AssetManagerDeleteWorkflowOperationHandler,85,0,2,0,23,0,7,0,6,0
Opencast :: jacoco-reports/opencast-asset-manager-workflowoperation,org.opencastproject.workflow.handler.assetmanager,SelectVersionWorkflowOperationHandler,83,263,10,28,11,53,10,16,0,7
Opencast :: jacoco-reports/opencast-authorization-manager,org.opencastproject.authorization.xacml.manager.util,AccessInformationUtil,58,165,6,18,15,38,8,12,3,5
Opencast :: jacoco-reports/opencast-authorization-manager,org.opencastproject.authorization.xacml.manager.impl.persistence,JpaAclDb,20,126,3,5,4,24,4,12,2,10
Opencast :: jacoco-reports/opencast-authorization-manager,org.opencastproject.authorization.xacml.manager.impl.persistence,ManagedAclEntity,24,85,0,2,4,20,2,10,2,9
Opencast :: jacoco-reports/opencast-authorization-manager,org.opencastproject.authorization.xacml.manager.impl.list,AclsListQuery,21,0,0,0,7,0,4,0,4,0
Opencast :: jacoco-reports/opencast-authorization-manager,org.opencastproject.authorization.xacml.manager.impl.list,AclListProvider,101,0,6,0,22,0,12,0,9,0
Opencast :: jacoco-reports/opencast-authorization-manager,org.opencastproject.authorization.xacml.manager.impl,ManagedAclImpl,0,27,0,0,0,10,0,5,0,5
Opencast :: jacoco-reports/opencast-authorization-manager,org.opencastproject.authorization.xacml.manager.impl,AclScanner,72,268,10,14,17,63,10,19,3,14
Opencast :: jacoco-reports/opencast-authorization-manager,org.opencastproject.authorization.xacml.manager.impl,AclServiceImpl,237,214,18,8,37,43,15,12,3,11
Opencast :: jacoco-reports/opencast-authorization-manager,org.opencastproject.authorization.xacml.manager.impl,OsgiAclServiceFactory,26,0,0,0,8,0,5,0,5,0
Opencast :: jacoco-reports/opencast-authorization-manager,org.opencastproject.authorization.xacml.manager.api,AclServiceException,4,0,0,0,2,0,1,0,1,0
Opencast :: jacoco-reports/opencast-authorization-manager,org.opencastproject.authorization.xacml.manager.endpoint,OsgiAclServiceRestEndpoint,55,0,0,0,20,0,12,0,12,0
Opencast :: jacoco-reports/opencast-authorization-manager,org.opencastproject.authorization.xacml.manager.endpoint,AbstractAclServiceRestEndpoint,108,171,6,18,32,38,7,19,3,11
Opencast :: jacoco-reports/opencast-authorization-manager,org.opencastproject.authorization.xacml.manager.endpoint,JsonConv,0,100,0,0,0,15,0,5,0,5
Opencast :: jacoco-reports/opencast-authorization-xacml,org.opencastproject.authorization.xacml,XACMLAuthorizationService.MergeMode,0,21,0,0,0,2,0,1,0,1
Opencast :: jacoco-reports/opencast-authorization-xacml,org.opencastproject.authorization.xacml,XACMLParsingException,9,0,0,0,4,0,2,0,2,0
Opencast :: jacoco-reports/opencast-authorization-xacml,org.opencastproject.authorization.xacml,XACMLAuthorizationService,151,394,16,33,43,89,16,29,3,16
Opencast :: jacoco-reports/opencast-authorization-xacml,org.opencastproject.authorization.xacml,XACMLUtils,58,406,7,15,12,102,6,8,0,3
Opencast :: jacoco-reports/opencast-caption-api,org.opencastproject.caption.api,CaptionConverterException,13,0,0,0,6,0,3,0,3,0
Opencast :: jacoco-reports/opencast-caption-api,org.opencastproject.caption.api,UnsupportedCaptionFormatException,5,0,0,0,2,0,1,0,1,0
Opencast :: jacoco-reports/opencast-caption-api,org.opencastproject.caption.api,IllegalTimeFormatException,0,5,0,0,0,2,0,1,0,1
Opencast :: jacoco-reports/opencast-caption-impl,org.opencastproject.caption.util,TimeUtil,0,221,0,12,0,30,0,11,0,5
Opencast :: jacoco-reports/opencast-caption-impl,org.opencastproject.caption.impl,CaptionImpl,0,21,0,0,0,8,0,4,0,4
Opencast :: jacoco-reports/opencast-caption-impl,org.opencastproject.caption.impl,CaptionServiceImpl,741,0,55,0,186,0,51,0,23,0
Opencast :: jacoco-reports/opencast-caption-impl,org.opencastproject.caption.impl,CaptionServiceImpl.Operation,15,0,0,0,2,0,1,0,1,0
Opencast :: jacoco-reports/opencast-caption-impl,org.opencastproject.caption.impl,TimeImpl,0,111,0,16,0,28,0,19,0,11
Opencast :: jacoco-reports/opencast-caption-impl,org.opencastproject.caption.converters,DFXPCaptionConverter.new DefaultHandler() {...},35,0,6,0,9,0,5,0,2,0
Opencast :: jacoco-reports/opencast-caption-impl,org.opencastproject.caption.converters,IBMWatsonCaptionConverter,63,289,18,24,20,60,20,10,4,5
Opencast :: jacoco-reports/opencast-caption-impl,org.opencastproject.caption.converters,GoogleSpeechCaptionConverter,44,299,13,23,16,65,17,10,4,5
Opencast :: jacoco-reports/opencast-caption-impl,org.opencastproject.caption.converters,Mpeg7CaptionConverter,146,400,21,19,50,94,17,10,3,4
Opencast :: jacoco-reports/opencast-caption-impl,org.opencastproject.caption.converters,SubRipCaptionConverter,36,229,6,14,12,50,9,10,3,6
Opencast :: jacoco-reports/opencast-caption-impl,org.opencastproject.caption.converters,WebVttCaptionConverter,75,91,5,3,18,20,10,5,7,4
Opencast :: jacoco-reports/opencast-caption-impl,org.opencastproject.caption.converters,DFXPCaptionConverter,132,311,11,19,41,70,12,12,3,6
Opencast :: jacoco-reports/opencast-caption-impl,org.opencastproject.caption.endpoint,CaptionServiceRestEndpoint,211,0,12,0,51,0,16,0,10,0
Opencast :: jacoco-reports/opencast-caption-remote,org.opencastproject.caption.remote,CaptionServiceRemoteImpl,238,0,8,0,54,0,11,0,7,0
Opencast :: jacoco-reports/opencast-capture-admin-service-api,org.opencastproject.capture.admin.api,AgentState,0,33,0,0,0,1,0,1,0,1
Opencast :: jacoco-reports/opencast-capture-admin-service-api,org.opencastproject.capture.admin.api,AgentsListQuery,45,0,0,0,13,0,7,0,7,0
Opencast :: jacoco-reports/opencast-capture-admin-service-api,org.opencastproject.capture.admin.api,AgentStateUpdate,6,39,0,0,2,12,2,5,2,5
Opencast :: jacoco-reports/opencast-capture-admin-service-impl,org.opencastproject.capture.admin.impl.list,AgentsListProviderImpl,86,0,6,0,20,0,11,0,8,0
Opencast :: jacoco-reports/opencast-capture-admin-service-impl,org.opencastproject.capture.admin.endpoint,AgentStateUpdateList,32,0,2,0,11,0,4,0,3,0
Opencast :: jacoco-reports/opencast-capture-admin-service-impl,org.opencastproject.capture.admin.endpoint,CaptureAgentStateRestService,555,0,54,0,122,0,44,0,17,0
Opencast :: jacoco-reports/opencast-capture-admin-service-impl,org.opencastproject.capture.admin.impl,CaptureAgentAdminRoleProviderImpl,107,0,10,0,29,0,15,0,10,0
Opencast :: jacoco-reports/opencast-capture-admin-service-impl,org.opencastproject.capture.admin.impl,AgentImpl,46,238,6,14,13,63,6,24,2,18
Opencast :: jacoco-reports/opencast-capture-admin-service-impl,org.opencastproject.capture.admin.impl,CaptureAgentStateServiceImpl.new CacheLoader() {...},0,34,0,0,0,7,0,2,0,2
Opencast :: jacoco-reports/opencast-capture-admin-service-impl,org.opencastproject.capture.admin.impl,CaptureAgentStateServiceImpl.new RemovalListener() {...},1,64,1,3,1,11,1,3,0,2
Opencast :: jacoco-reports/opencast-capture-admin-service-impl,org.opencastproject.capture.admin.impl,CaptureAgentStateServiceImpl,125,800,18,50,37,189,19,47,3,29
Opencast :: jacoco-reports/opencast-capture-admin-service-impl,org.opencastproject.capture.admin.impl,RecordingStateUpdate,0,31,0,0,0,10,0,5,0,5
Opencast :: jacoco-reports/opencast-capture-admin-service-impl,org.opencastproject.capture.admin.impl,AgentImplId,23,0,0,0,10,0,5,0,5,0
Opencast :: jacoco-reports/opencast-comments-workflowoperation,org.opencastproject.workflow.handler.comments,CommentWorkflowOperationHandler.Operation,0,21,0,0,0,2,0,1,0,1
Opencast :: jacoco-reports/opencast-comments-workflowoperation,org.opencastproject.workflow.handler.comments,CommentWorkflowOperationHandler,78,274,13,21,14,68,11,19,1,11
Opencast :: jacoco-reports/opencast-common,org.opencastproject.mediapackage.identifier,IdImpl,10,58,5,5,2,14,5,7,0,7
Opencast :: jacoco-reports/opencast-common,org.opencastproject.mediapackage.identifier,Id.Adapter,7,11,1,1,1,4,1,3,0,3
Opencast :: jacoco-reports/opencast-common,org.opencastproject.mediapackage,MediaPackageParser,415,62,50,2,98,17,31,3,5,3
Opencast :: jacoco-reports/opencast-common,org.opencastproject.mediapackage,MediaPackageElementBuilderFactory,36,33,0,2,8,11,0,5,0,4
Opencast :: jacoco-reports/opencast-common,org.opencastproject.mediapackage,AdaptivePlaylist.HLSMediaPackageCheck,65,389,7,25,19,70,8,22,1,13
Opencast :: jacoco-reports/opencast-common,org.opencastproject.mediapackage,MediaPackageSupport.MergeMode,0,27,0,0,0,2,0,1,0,1
Opencast :: jacoco-reports/opencast-common,org.opencastproject.mediapackage,XMLCatalogImpl.new Comparator() {...},0,17,0,0,0,2,0,2,0,2
Opencast :: jacoco-reports/opencast-common,org.opencastproject.mediapackage,XMLCatalogImpl.new Comparator() {...},0,7,0,0,0,2,0,2,0,2
Opencast :: jacoco-reports/opencast-common,org.opencastproject.mediapackage,XMLCatalogImpl.CatalogEntry,29,229,6,22,4,53,8,21,3,12
Opencast :: jacoco-reports/opencast-common,org.opencastproject.mediapackage,MediaPackageParser.new MappedXMLStreamWriter() {...},8,11,0,0,4,3,3,2,3,2
Opencast :: jacoco-reports/opencast-common,org.opencastproject.mediapackage,AbstractMediaPackageElement,257,421,41,35,54,106,30,49,3,38
Opencast :: jacoco-reports/opencast-common,org.opencastproject.mediapackage,DefaultMediaPackageSerializerImpl,44,96,11,11,14,28,12,7,3,5
Opencast :: jacoco-reports/opencast-common,org.opencastproject.mediapackage,VideoStream.Adapter,0,8,0,0,0,3,0,3,0,3
Opencast :: jacoco-reports/opencast-common,org.opencastproject.mediapackage,Attachment,0,9,0,0,0,2,0,1,0,1
Opencast :: jacoco-reports/opencast-common,org.opencastproject.mediapackage,CatalogImpl.Adapter,0,8,0,0,0,3,0,3,0,3
Opencast :: jacoco-reports/opencast-common,org.opencastproject.mediapackage,MediaPackageReferenceImpl.Adapter,2,15,1,3,1,6,1,4,0,3
Opencast :: jacoco-reports/opencast-common,org.opencastproject.mediapackage,PublicationImpl,30,137,4,8,8,36,8,13,4,11
Opencast :: jacoco-reports/opencast-common,org.opencastproject.mediapackage,AdaptivePlaylist,319,826,32,78,63,164,39,61,16,29
Opencast :: jacoco-reports/opencast-common,org.opencastproject.mediapackage,MediaPackageElementBuilderImpl,158,208,18,18,39,54,12,13,0,7
Opencast :: jacoco-reports/opencast-common,org.opencastproject.mediapackage,MediaPackageElementParser,71,109,12,8,20,24,9,6,1,4
Opencast :: jacoco-reports/opencast-common,org.opencastproject.mediapackage,MediaPackageElementFlavor,20,239,1,35,5,44,3,31,2,14
Opencast :: jacoco-reports/opencast-common,org.opencastproject.mediapackage,Track,0,3,0,0,0,1,0,1,0,1
Opencast :: jacoco-reports/opencast-common,org.opencastproject.mediapackage,AudioStream.Adapter,0,8,0,0,0,3,0,3,0,3
Opencast :: jacoco-reports/opencast-common,org.opencastproject.mediapackage,NamespaceBindingException,0,4,0,0,0,2,0,1,0,1
Opencast :: jacoco-reports/opencast-common,org.opencastproject.mediapackage,MediaPackageSupport,41,186,9,21,9,44,8,18,1,10
Opencast :: jacoco-reports/opencast-common,org.opencastproject.mediapackage,MediaPackageElementFlavor.FlavorAdapter,0,13,0,2,0,5,0,4,0,3
Opencast :: jacoco-reports/opencast-common,org.opencastproject.mediapackage,MediaPackageBuilderFactory,29,29,1,1,8,12,1,4,0,4
Opencast :: jacoco-reports/opencast-common,org.opencastproject.mediapackage,MediaPackageElement.Type,0,45,0,0,0,2,0,1,0,1
Opencast :: jacoco-reports/opencast-common,org.opencastproject.mediapackage,XMLCatalogImpl,158,533,21,52,40,118,25,48,9,27
Opencast :: jacoco-reports/opencast-common,org.opencastproject.mediapackage,MediaPackageBuilderImpl,29,109,4,6,9,30,5,11,2,9
Opencast :: jacoco-reports/opencast-common,org.opencastproject.mediapackage,MediaPackageImpl,476,1641,110,202,103,401,93,160,8,89
Opencast :: jacoco-reports/opencast-common,org.opencastproject.mediapackage,TrackSupport,0,38,0,4,0,5,0,3,0,1
Opencast :: jacoco-reports/opencast-common,org.opencastproject.mediapackage,MediaPackageReferenceImpl,181,273,32,32,40,62,32,17,6,11
Opencast :: jacoco-reports/opencast-common,org.opencastproject.mediapackage,ChainingMediaPackageSerializer.new Comparator() {...},0,9,0,0,0,2,0,2,0,2
Opencast :: jacoco-reports/opencast-common,org.opencastproject.mediapackage,MediaPackageSupport.Filters,5,45,0,2,1,8,1,8,1,7
Opencast :: jacoco-reports/opencast-common,org.opencastproject.mediapackage,EName,7,173,1,21,1,28,2,23,1,13
Opencast :: jacoco-reports/opencast-common,org.opencastproject.mediapackage,MediaPackageRuntimeException,9,0,0,0,4,0,2,0,2,0
Opencast :: jacoco-reports/opencast-common,org.opencastproject.mediapackage,MediaPackageImpl.Adapter,0,8,0,0,0,3,0,3,0,3
Opencast :: jacoco-reports/opencast-common,org.opencastproject.mediapackage,MediaPackageException,6,9,0,0,2,4,1,2,1,2
Opencast :: jacoco-reports/opencast-common,org.opencastproject.mediapackage,SubtitleStream.Adapter,0,8,0,0,0,3,0,3,0,3
Opencast :: jacoco-reports/opencast-common,org.opencastproject.mediapackage,ChainingMediaPackageSerializer,31,78,0,4,11,20,2,7,2,5
Opencast :: jacoco-reports/opencast-common,org.opencastproject.mediapackage,AdaptivePlaylist.Rep,21,119,1,1,5,28,3,5,2,5
Opencast :: jacoco-reports/opencast-common,org.opencastproject.mediapackage,PublicationImpl.Adapter,0,8,0,0,0,3,0,3,0,3
Opencast :: jacoco-reports/opencast-common,org.opencastproject.mediapackage,Catalog,0,3,0,0,0,1,0,1,0,1
Opencast :: jacoco-reports/opencast-common,org.opencastproject.mediapackage,UnsupportedElementException,28,0,0,0,9,0,4,0,4,0
Opencast :: jacoco-reports/opencast-common,org.opencastproject.mediapackage,MediaPackageElements,0,187,0,0,0,31,0,1,0,1
Opencast :: jacoco-reports/opencast-common,org.opencastproject.mediapackage,CatalogImpl,10,23,0,0,2,6,1,3,1,3
Opencast :: jacoco-reports/opencast-common,org.opencastproject.util.function,ThrowingFunction,56,0,0,0,9,0,10,0,10,0
Opencast :: jacoco-reports/opencast-common,org.opencastproject.util.function,ThrowingConsumer,28,0,0,0,8,0,4,0,4,0
Opencast :: jacoco-reports/opencast-common,org.opencastproject.mediapackage.selector,AttachmentSelector,0,3,0,0,0,1,0,1,0,1
Opencast :: jacoco-reports/opencast-common,org.opencastproject.mediapackage.selector,SimpleElementSelector,0,3,0,0,0,1,0,1,0,1
Opencast :: jacoco-reports/opencast-common,org.opencastproject.mediapackage.selector,AbstractMediaPackageElementSelector,116,333,16,56,20,78,16,39,2,17
Opencast :: jacoco-reports/opencast-common,org.opencastproject.mediapackage.selector,TrackSelector,0,3,0,0,0,1,0,1,0,1
Opencast :: jacoco-reports/opencast-common,org.opencastproject.mediapackage.selector,CatalogSelector,0,3,0,0,0,1,0,1,0,1
Opencast :: jacoco-reports/opencast-common,org.opencastproject.job.api,JaxbIncidentTree,5,57,0,0,2,18,0,4,0,4
Opencast :: jacoco-reports/opencast-common,org.opencastproject.job.api,JaxbIncidentDigestTree,53,0,0,0,13,0,5,0,5,0
Opencast :: jacoco-reports/opencast-common,org.opencastproject.job.api,JaxbIncidentFullList,17,0,0,0,7,0,2,0,2,0
Opencast :: jacoco-reports/opencast-common,org.opencastproject.job.api,OsgiAbstractJobProducer,32,0,0,0,14,0,9,0,9,0
Opencast :: jacoco-reports/opencast-common,org.opencastproject.job.api,JaxbIncidentDetail,0,22,0,0,0,7,0,3,0,3
Opencast :: jacoco-reports/opencast-common,org.opencastproject.job.api,JobImpl,10,531,3,9,4,113,4,48,1,45
Opencast :: jacoco-reports/opencast-common,org.opencastproject.job.api,AbstractJobProducer,31,315,3,11,10,52,3,14,0,10
Opencast :: jacoco-reports/opencast-common,org.opencastproject.job.api,JaxbIncident.Param,0,25,0,0,0,7,0,4,0,4
Opencast :: jacoco-reports/opencast-common,org.opencastproject.job.api,JobBarrier.JobStatusUpdater,68,141,4,13,24,35,4,9,0,3
Opencast :: jacoco-reports/opencast-common,org.opencastproject.job.api,JobBarrier,88,177,6,14,26,50,8,14,3,9
Opencast :: jacoco-reports/opencast-common,org.opencastproject.job.api,JaxbIncidentFull,72,0,0,0,20,0,4,0,4,0
Opencast :: jacoco-reports/opencast-common,org.opencastproject.job.api,IncidentParser,0,30,0,0,0,7,0,6,0,6
Opencast :: jacoco-reports/opencast-common,org.opencastproject.job.api,JaxbIncidentList,15,0,0,0,7,0,2,0,2,0
Opencast :: jacoco-reports/opencast-common,org.opencastproject.job.api,JaxbIncidentDigestList,22,0,0,0,7,0,3,0,3,0
Opencast :: jacoco-reports/opencast-common,org.opencastproject.job.api,JaxbIncidentFullTree,43,0,0,0,13,0,3,0,3,0
Opencast :: jacoco-reports/opencast-common,org.opencastproject.job.api,IncidentTreeImpl,19,49,6,6,2,10,7,5,1,5
Opencast :: jacoco-reports/opencast-common,org.opencastproject.job.api,JaxbIncident,0,99,0,0,0,23,0,3,0,3
Opencast :: jacoco-reports/opencast-common,org.opencastproject.job.api,AbstractJobProducer.JobRunner,45,111,5,3,9,30,4,4,0,4
Opencast :: jacoco-reports/opencast-common,org.opencastproject.job.api,JaxbJobContext,60,0,4,0,19,0,8,0,6,0
Opencast :: jacoco-reports/opencast-common,org.opencastproject.job.api,JobBarrier.Result,3,27,0,4,1,8,1,4,1,2
Opencast :: jacoco-reports/opencast-common,org.opencastproject.job.api,Incident.Severity,0,21,0,0,0,4,0,1,0,1
Opencast :: jacoco-reports/opencast-common,org.opencastproject.job.api,JobParser,44,51,0,0,12,13,2,4,2,4
Opencast :: jacoco-reports/opencast-common,org.opencastproject.job.api,JaxbIncidentDigest,47,0,0,0,13,0,3,0,3,0
Opencast :: jacoco-reports/opencast-common,org.opencastproject.job.api,JaxbJobList,23,44,1,3,7,12,3,5,2,4
Opencast :: jacoco-reports/opencast-common,org.opencastproject.job.api,Job.Status,0,83,0,4,0,6,0,5,0,3
Opencast :: jacoco-reports/opencast-common,org.opencastproject.job.api,IncidentImpl,53,138,12,12,1,30,13,12,1,12
Opencast :: jacoco-reports/opencast-common,org.opencastproject.job.api,JaxbJob,74,267,3,5,7,42,4,5,1,4
Opencast :: jacoco-reports/opencast-common,org.opencastproject.job.api,Job.FailureReason,0,21,0,0,0,2,0,1,0,1
Opencast :: jacoco-reports/opencast-common,org.opencastproject.rest,StaticResource,318,0,40,0,72,0,27,0,7,0
Opencast :: jacoco-reports/opencast-common,org.opencastproject.rest,BulkOperationResult,154,0,0,0,41,0,18,0,18,0
Opencast :: jacoco-reports/opencast-common,org.opencastproject.rest,OsgiAbstractJobProducerEndpoint,38,0,2,0,10,0,7,0,6,0
Opencast :: jacoco-reports/opencast-common,org.opencastproject.rest,AbstractJobProducerEndpoint,74,7,6,0,21,2,5,2,2,2
Opencast :: jacoco-reports/opencast-common,org.opencastproject.cleanup,RecursiveDirectoryCleaner,55,121,6,12,18,29,6,11,1,7
Opencast :: jacoco-reports/opencast-common,org.opencastproject.security.util,SecurityContext,69,0,4,0,18,0,6,0,4,0
Opencast :: jacoco-reports/opencast-common,org.opencastproject.security.util,HttpResponseWrapper,136,23,2,0,43,7,27,4,26,4
Opencast :: jacoco-reports/opencast-common,org.opencastproject.security.util,SecurityUtil,88,133,10,6,21,29,12,11,6,9
Opencast :: jacoco-reports/opencast-common,org.opencastproject.serviceregistry.api,RemoteBase.HttpClientClosingInputStream,75,0,0,0,20,0,11,0,11,0
Opencast :: jacoco-reports/opencast-common,org.opencastproject.serviceregistry.api,ServiceRegistrationInMemoryImpl,24,100,0,0,8,28,8,9,8,9
Opencast :: jacoco-reports/opencast-common,org.opencastproject.serviceregistry.api,HostRegistrationInMemory,63,36,0,0,26,13,17,3,17,3
Opencast :: jacoco-reports/opencast-common,org.opencastproject.serviceregistry.api,JaxbServiceHealth,39,0,0,0,13,0,2,0,2,0
Opencast :: jacoco-reports/opencast-common,org.opencastproject.serviceregistry.api,ServiceRegistryInMemoryImpl.JobDispatcher,67,96,5,5,17,19,3,4,0,2
Opencast :: jacoco-reports/opencast-common,org.opencastproject.serviceregistry.api,SystemLoad,76,52,8,4,13,13,8,6,2,6
Opencast :: jacoco-reports/opencast-common,org.opencastproject.serviceregistry.api,SystemLoad.NodeLoad,27,49,6,0,8,19,5,10,2,10
Opencast :: jacoco-reports/opencast-common,org.opencastproject.serviceregistry.api,RemoteBase,232,161,31,13,59,44,23,8,2,7
Opencast :: jacoco-reports/opencast-common,org.opencastproject.serviceregistry.api,IncidentServiceException,4,0,0,0,2,0,1,0,1,0
Opencast :: jacoco-reports/opencast-common,org.opencastproject.serviceregistry.api,JaxbServiceRegistration,197,56,14,0,64,20,31,8,24,8
Opencast :: jacoco-reports/opencast-common,org.opencastproject.serviceregistry.api,UndispatchableJobException,9,0,0,0,4,0,2,0,2,0
Opencast :: jacoco-reports/opencast-common,org.opencastproject.serviceregistry.api,JaxbHostRegistrationList,68,0,4,0,18,0,8,0,6,0
Opencast :: jacoco-reports/opencast-common,org.opencastproject.serviceregistry.api,ServiceRegistryException,4,9,0,0,2,4,1,2,1,2
Opencast :: jacoco-reports/opencast-common,org.opencastproject.serviceregistry.api,JaxbServiceStatisticsList,40,0,2,0,11,0,5,0,4,0
Opencast :: jacoco-reports/opencast-common,org.opencastproject.serviceregistry.api,Incidents,41,151,1,7,14,32,4,14,3,11
Opencast :: jacoco-reports/opencast-common,org.opencastproject.serviceregistry.api,ServiceUnavailableException,4,0,0,0,2,0,1,0,1,0
Opencast :: jacoco-reports/opencast-common,org.opencastproject.serviceregistry.api,ServiceState,0,21,0,0,0,4,0,1,0,1
Opencast :: jacoco-reports/opencast-common,org.opencastproject.serviceregistry.api,JaxbHostRegistration,120,51,2,0,44,17,19,7,18,7
Opencast :: jacoco-reports/opencast-common,org.opencastproject.serviceregistry.api,JaxbServiceStatistics,32,43,0,0,15,16,7,8,7,8
Opencast :: jacoco-reports/opencast-common,org.opencastproject.serviceregistry.api,HostStatistics,0,51,0,0,0,9,0,5,0,5
Opencast :: jacoco-reports/opencast-common,org.opencastproject.serviceregistry.api,ServiceRegistryInMemoryImpl.new Comparator() {...},9,0,0,0,2,0,2,0,2,0
Opencast :: jacoco-reports/opencast-common,org.opencastproject.serviceregistry.api,ServiceRegistryInMemoryImpl,893,1005,109,81,206,228,100,58,32,31
Opencast :: jacoco-reports/opencast-common,org.opencastproject.serviceregistry.api,ServiceRegistrationParser,13,0,0,0,6,0,1,0,1,0
Opencast :: jacoco-reports/opencast-common,org.opencastproject.serviceregistry.api,JaxbServiceRegistrationList,68,0,4,0,18,0,8,0,6,0
Opencast :: jacoco-reports/opencast-common,org.opencastproject.util.jaxb,ExtendedMetadataAdapter.ExtendedMetadata,6,6,0,0,3,3,2,1,2,1
Opencast :: jacoco-reports/opencast-common,org.opencastproject.util.jaxb,JaxbParser,20,44,0,0,7,11,1,4,1,4
Opencast :: jacoco-reports/opencast-common,org.opencastproject.util.jaxb,OptionAdapter,10,0,0,0,3,0,3,0,3,0
Opencast :: jacoco-reports/opencast-common,org.opencastproject.util.jaxb,ExtendedMetadataAdapter,78,19,5,1,15,4,5,2,2,2
Opencast :: jacoco-reports/opencast-common,org.opencastproject.util.jaxb,UtcTimestampAdapter,0,17,0,0,0,3,0,3,0,3
Opencast :: jacoco-reports/opencast-common,org.opencastproject.util.jaxb,ExtendedMetadataAdapter.ExtendedMetadataEntry,24,0,0,0,10,0,5,0,5,0
Opencast :: jacoco-reports/opencast-common,org.opencastproject.mediapackage.elementbuilder,PublicationBuilderPlugin,276,35,31,1,64,8,19,5,3,5
Opencast :: jacoco-reports/opencast-common,org.opencastproject.mediapackage.elementbuilder,AttachmentBuilderPlugin,10,33,3,11,3,9,4,8,2,3
Opencast :: jacoco-reports/opencast-common,org.opencastproject.mediapackage.elementbuilder,TrackBuilderPlugin,196,318,27,25,49,73,25,11,2,8
Opencast :: jacoco-reports/opencast-common,org.opencastproject.mediapackage.elementbuilder,AbstractElementBuilderPlugin,7,15,0,0,3,7,2,3,2,3
Opencast :: jacoco-reports/opencast-common,org.opencastproject.mediapackage.elementbuilder,AbstractAttachmentBuilderPlugin,289,80,39,7,68,21,24,11,3,9
Opencast :: jacoco-reports/opencast-common,org.opencastproject.mediapackage.elementbuilder,CatalogBuilderPlugin,199,58,23,1,46,17,14,9,2,9
Opencast :: jacoco-reports/opencast-common,org.opencastproject.util.data.functions,Eithers,0,9,0,0,0,1,0,2,0,2
Opencast :: jacoco-reports/opencast-common,org.opencastproject.util.data.functions,Strings,20,59,5,7,6,14,6,9,2,7
Opencast :: jacoco-reports/opencast-common,org.opencastproject.util.data.functions,Booleans,62,0,8,0,6,0,16,0,12,0
Opencast :: jacoco-reports/opencast-common,org.opencastproject.util.data.functions,Misc,11,93,1,17,2,21,3,15,2,7
Opencast :: jacoco-reports/opencast-common,org.opencastproject.security.api,AclScope,0,27,0,0,0,2,0,1,0,1
Opencast :: jacoco-reports/opencast-common,org.opencastproject.security.api,Permissions.Action,27,38,4,0,4,9,3,4,1,4
Opencast :: jacoco-reports/opencast-common,org.opencastproject.security.api,JaxbGroupList,68,0,4,0,18,0,8,0,6,0
Opencast :: jacoco-reports/opencast-common,org.opencastproject.security.api,AccessControlList,84,92,7,5,15,23,7,9,3,7
Opencast :: jacoco-reports/opencast-common,org.opencastproject.security.api,AccessControlParsingException,0,4,0,0,0,2,0,1,0,1
Opencast :: jacoco-reports/opencast-common,org.opencastproject.security.api,Role.Target,0,21,0,0,0,2,0,1,0,1
Opencast :: jacoco-reports/opencast-common,org.opencastproject.security.api,JaxbOrganization.OrgProperty,0,18,0,0,0,8,0,4,0,4
Opencast :: jacoco-reports/opencast-common,org.opencastproject.security.api,JaxbOrganizationList,43,0,2,0,13,0,6,0,5,0
Opencast :: jacoco-reports/opencast-common,org.opencastproject.security.api,JaxbOrganization,11,232,2,20,2,49,3,21,1,12
Opencast :: jacoco-reports/opencast-common,org.opencastproject.security.api,DefaultOrganization,1,53,1,1,0,13,1,3,0,3
Opencast :: jacoco-reports/opencast-common,org.opencastproject.security.api,UserProvider,29,0,4,0,7,0,3,0,1,0
Opencast :: jacoco-reports/opencast-common,org.opencastproject.security.api,JaxbOrganization.OrgServer,0,18,0,0,0,8,0,4,0,4
Opencast :: jacoco-reports/opencast-common,org.opencastproject.security.api,AccessControlParser,27,245,2,14,10,61,2,16,0,10
Opencast :: jacoco-reports/opencast-common,org.opencastproject.security.api,JaxbUser,113,198,11,15,20,47,12,23,3,19
Opencast :: jacoco-reports/opencast-common,org.opencastproject.security.api,JaxbRoleList,69,0,4,0,18,0,8,0,6,0
Opencast :: jacoco-reports/opencast-common,org.opencastproject.security.api,GroupParser,24,0,0,0,5,0,4,0,4,0
Opencast :: jacoco-reports/opencast-common,org.opencastproject.security.api,JaxbGroup,98,73,10,0,15,23,9,11,4,11
Opencast :: jacoco-reports/opencast-common,org.opencastproject.security.api,AccessControlUtil.new Comparator() {...},8,27,1,3,1,7,1,3,0,2
Opencast :: jacoco-reports/opencast-common,org.opencastproject.security.api,UserParser,50,27,4,0,12,8,3,2,1,2
Opencast :: jacoco-reports/opencast-common,org.opencastproject.security.api,AccessControlEntry,18,102,6,8,3,22,5,11,1,8
Opencast :: jacoco-reports/opencast-common,org.opencastproject.security.api,Role.Type,0,39,0,0,0,2,0,1,0,1
Opencast :: jacoco-reports/opencast-common,org.opencastproject.security.api,UserDirectoryService,26,0,2,0,5,0,2,0,1,0
Opencast :: jacoco-reports/opencast-common,org.opencastproject.security.api,SecurityConstants,0,19,0,0,0,2,0,1,0,1
Opencast :: jacoco-reports/opencast-common,org.opencastproject.security.api,JaxbUserList,69,0,4,0,18,0,8,0,6,0
Opencast :: jacoco-reports/opencast-common,org.opencastproject.security.api,AccessControlUtil,25,395,9,43,6,71,8,36,0,18
Opencast :: jacoco-reports/opencast-common,org.opencastproject.security.api,OrganizationParser,36,41,4,0,8,13,2,3,0,3
Opencast :: jacoco-reports/opencast-common,org.opencastproject.security.api,OrganizationList,16,0,0,0,8,0,4,0,4,0
Opencast :: jacoco-reports/opencast-common,org.opencastproject.security.api,UnauthorizedException,15,41,1,1,4,12,2,3,1,3
Opencast :: jacoco-reports/opencast-common,org.opencastproject.security.api,TrustedHttpClientException,0,4,0,0,0,2,0,1,0,1
Opencast :: jacoco-reports/opencast-common,org.opencastproject.security.api,JaxbRole,17,123,5,7,3,34,5,14,0,13
Opencast :: jacoco-reports/opencast-common,org.opencastproject.db,DBUtils,2,32,2,6,1,9,2,3,0,1
Opencast :: jacoco-reports/opencast-common,org.opencastproject.db,Queries.new Queries.QueriesBase() {...},0,10,0,0,0,2,0,2,0,2
Opencast :: jacoco-reports/opencast-common,org.opencastproject.db,Queries.new Queries.TypedQueriesBase() {...},0,18,0,0,0,3,0,3,0,3
Opencast :: jacoco-reports/opencast-common,org.opencastproject.db,Queries.QueriesBase,83,144,6,12,12,36,10,19,6,14
Opencast :: jacoco-reports/opencast-common,org.opencastproject.db,Queries,0,9,0,0,0,2,0,1,0,1
Opencast :: jacoco-reports/opencast-common,org.opencastproject.db,Queries.TypedQueriesBase,3,100,0,2,2,18,0,15,0,14
Opencast :: jacoco-reports/opencast-common,org.opencastproject.db,DBTestEnv,12,88,1,1,3,24,1,7,0,7
Opencast :: jacoco-reports/opencast-common,org.opencastproject.db,DBSessionImpl,23,231,4,16,9,70,7,26,3,20
Opencast :: jacoco-reports/opencast-common,org.opencastproject.db,DBSessionFactoryImpl,22,30,0,0,7,9,3,5,3,5
Opencast :: jacoco-reports/opencast-common,org.opencastproject.util.requests,SortCriterion,9,137,7,15,3,24,7,11,0,7
Opencast :: jacoco-reports/opencast-common,org.opencastproject.util.requests,SortCriterion.Order,0,21,0,0,0,2,0,1,0,1
Opencast :: jacoco-reports/opencast-common,org.opencastproject.mediapackage.attachment,AttachmentImpl.PropertiesAdapter,0,12,0,0,0,5,0,2,0,2
Opencast :: jacoco-reports/opencast-common,org.opencastproject.mediapackage.attachment,AttachmentImpl,0,60,0,4,0,16,0,7,0,5
Opencast :: jacoco-reports/opencast-common,org.opencastproject.mediapackage.attachment,AttachmentImpl.Adapter,0,8,0,0,0,3,0,3,0,3
Opencast :: jacoco-reports/opencast-common,org.opencastproject.mediapackage.attachment,AttachmentImpl.Property,0,12,0,0,0,6,0,2,0,2
Opencast :: jacoco-reports/opencast-common,org.opencastproject.mediapackage.attachment,AttachmentImpl.PropertiesXmlAdapter,0,64,1,9,0,13,1,6,0,2
Opencast :: jacoco-reports/opencast-common,org.opencastproject.util.doc,DocUtil,85,93,8,6,22,27,8,4,1,4
Opencast :: jacoco-reports/opencast-common,org.opencastproject.util.doc,DocData,62,60,12,6,13,15,13,5,5,4
Opencast :: jacoco-reports/opencast-common,org.opencastproject.mediapackage.track,TrackImpl.Adapter,0,8,0,0,0,3,0,3,0,3
Opencast :: jacoco-reports/opencast-common,org.opencastproject.mediapackage.track,VideoStreamImpl.Scan,4,3,0,0,1,1,1,1,1,1
Opencast :: jacoco-reports/opencast-common,org.opencastproject.mediapackage.track,AudioStreamImpl,376,47,30,0,96,20,27,12,12,12
Opencast :: jacoco-reports/opencast-common,org.opencastproject.mediapackage.track,AbstractStreamImpl.Encoder,0,3,0,0,0,1,0,1,0,1
Opencast :: jacoco-reports/opencast-common,org.opencastproject.mediapackage.track,AbstractStreamImpl,282,48,32,0,65,17,27,9,11,9
Opencast :: jacoco-reports/opencast-common,org.opencastproject.mediapackage.track,FrameRateMode,15,0,0,0,2,0,1,0,1,0
Opencast :: jacoco-reports/opencast-common,org.opencastproject.mediapackage.track,TrackImpl,242,312,42,28,53,61,31,33,5,24
Opencast :: jacoco-reports/opencast-common,org.opencastproject.mediapackage.track,VideoStreamImpl,286,106,36,12,65,33,24,17,2,15
Opencast :: jacoco-reports/opencast-common,org.opencastproject.mediapackage.track,BitRateMode,15,0,0,0,2,0,1,0,1,0
Opencast :: jacoco-reports/opencast-common,org.opencastproject.mediapackage.track,TrackImpl.StreamingProtocol,0,99,0,0,0,2,0,1,0,1
Opencast :: jacoco-reports/opencast-common,org.opencastproject.mediapackage.track,SubtitleStreamImpl,34,9,2,0,9,4,3,2,2,2
Opencast :: jacoco-reports/opencast-common,org.opencastproject.mediapackage.track,ScanOrder,5,15,0,0,1,2,1,1,1,1
Opencast :: jacoco-reports/opencast-common,org.opencastproject.mediapackage.track,AbstractStreamImpl.Device,0,3,0,0,0,1,0,1,0,1
Opencast :: jacoco-reports/opencast-common,org.opencastproject.mediapackage.track,ScanType,5,15,0,0,1,2,1,1,1,1
Opencast :: jacoco-reports/opencast-common,org.opencastproject.util.doc.rest,RestParameter.Type,0,51,0,0,0,3,0,1,0,1
Opencast :: jacoco-reports/opencast-common,org.opencastproject.util.doc.rest,ExtendedMediaType,3,0,0,0,1,0,1,0,1,0
Opencast :: jacoco-reports/opencast-common,org.opencastproject.util.data,Collections.new Iterable() {...},9,0,0,0,2,0,2,0,2,0
Opencast :: jacoco-reports/opencast-common,org.opencastproject.util.data,Collections.new Iterator() {...},4,33,0,6,1,3,1,6,1,3
Opencast :: jacoco-reports/opencast-common,org.opencastproject.util.data,Collections.new Iterator() {...},4,29,0,2,1,5,1,4,1,3
Opencast :: jacoco-reports/opencast-common,org.opencastproject.util.data,Collections.new Iterator() {...},4,40,0,4,1,6,1,5,1,3
Opencast :: jacoco-reports/opencast-common,org.opencastproject.util.data,Iterators.Iter,4,0,0,0,1,0,1,0,1,0
Opencast :: jacoco-reports/opencast-common,org.opencastproject.util.data,NonEmptyList.new Iterator() {...},4,17,0,0,1,3,1,3,1,3
Opencast :: jacoco-reports/opencast-common,org.opencastproject.util.data,NonEmptyList.new ListIterator() {...},45,0,0,0,10,0,10,0,10,0
Opencast :: jacoco-reports/opencast-common,org.opencastproject.util.data,VCell,6,75,1,3,1,19,1,8,0,7
Opencast :: jacoco-reports/opencast-common,org.opencastproject.util.data,Either.1.new Either.LeftProjection() {...},9,15,0,0,2,3,2,3,2,3
Opencast :: jacoco-reports/opencast-common,org.opencastproject.util.data,Either.1.new Either.RightProjection() {...},13,20,0,0,4,4,4,4,4,4
Opencast :: jacoco-reports/opencast-common,org.opencastproject.util.data,Either.RightProjection,0,3,0,0,0,2,0,1,0,1
Opencast :: jacoco-reports/opencast-common,org.opencastproject.util.data,Either.2.new Either.LeftProjection() {...},6,11,0,0,2,3,2,3,2,3
Opencast :: jacoco-reports/opencast-common,org.opencastproject.util.data,Either.2.new Either.RightProjection() {...},5,37,0,0,1,7,1,7,1,7
Opencast :: jacoco-reports/opencast-common,org.opencastproject.util.data,Tuple3,66,28,10,0,8,9,8,5,3,5
Opencast :: jacoco-reports/opencast-common,org.opencastproject.util.data,Collections,161,262,13,21,34,54,18,27,11,17
Opencast :: jacoco-reports/opencast-common,org.opencastproject.util.data,Cells.FCell,0,36,0,0,0,7,0,3,0,3
Opencast :: jacoco-reports/opencast-common,org.opencastproject.util.data,Cells.new Cells.FCell() {...},0,33,0,2,0,6,0,3,0,2
Opencast :: jacoco-reports/opencast-common,org.opencastproject.util.data,Either.LeftProjection,0,3,0,0,0,2,0,1,0,1
Opencast :: jacoco-reports/opencast-common,org.opencastproject.util.data,NonEmptyList,111,35,0,2,28,9,23,4,23,3
Opencast :: jacoco-reports/opencast-common,org.opencastproject.util.data,Tuple,13,60,4,4,3,12,5,6,1,6
Opencast :: jacoco-reports/opencast-common,org.opencastproject.util.data,Iterators,5,6,0,0,1,1,1,1,1,1
Opencast :: jacoco-reports/opencast-common,org.opencastproject.util.data,Prelude,12,0,0,0,5,0,2,0,2,0
Opencast :: jacoco-reports/opencast-common,org.opencastproject.util.data,Iterators.new Iterators.Iter() {...},11,0,0,0,3,0,3,0,3,0
Opencast :: jacoco-reports/opencast-common,org.opencastproject.util.data,Iterators.new Iterators.Iter() {...},0,41,0,4,0,8,0,5,0,3
Opencast :: jacoco-reports/opencast-common,org.opencastproject.util.data,Arrays,0,93,0,2,0,16,0,6,0,5
Opencast :: jacoco-reports/opencast-common,org.opencastproject.util.data,Cell,0,3,0,0,0,1,0,1,0,1
Opencast :: jacoco-reports/opencast-common,org.opencastproject.util.data,Either,0,10,0,0,0,2,0,2,0,2
Opencast :: jacoco-reports/opencast-common,org.opencastproject.util.data,Either.new Either() {...},7,26,0,0,2,6,2,5,2,5
Opencast :: jacoco-reports/opencast-common,org.opencastproject.util.data,Either.new Either() {...},0,33,0,0,0,8,0,7,0,7
Opencast :: jacoco-reports/opencast-common,org.opencastproject.util.data,Cells,0,6,0,0,0,1,0,1,0,1
Opencast :: jacoco-reports/opencast-common,org.opencastproject.util,IoSupport.new Function() {...},6,9,0,0,2,3,0,2,0,2
Opencast :: jacoco-reports/opencast-common,org.opencastproject.util,IoSupport.new Function() {...},6,13,0,0,2,4,0,2,0,2
Opencast :: jacoco-reports/opencast-common,org.opencastproject.util,DateTimeSupport.UtcTimestampAdapter,6,7,0,0,1,2,1,2,1,2
Opencast :: jacoco-reports/opencast-common,org.opencastproject.util,RestUtil.R,62,93,3,3,11,20,13,14,10,14
Opencast :: jacoco-reports/opencast-common,org.opencastproject.util,IoSupport,212,230,12,8,67,63,14,23,6,21
Opencast :: jacoco-reports/opencast-common,org.opencastproject.util,LoadUtil,44,85,5,7,13,21,4,7,0,5
Opencast :: jacoco-reports/opencast-common,org.opencastproject.util,ChunkedFileInputStream,88,0,8,0,24,0,12,0,8,0
Opencast :: jacoco-reports/opencast-common,org.opencastproject.util,FileSupport,351,412,60,68,70,103,47,36,2,17
Opencast :: jacoco-reports/opencast-common,org.opencastproject.util,Jsons.new Jsons.Val() {...},0,3,0,0,0,1,0,1,0,1
Opencast :: jacoco-reports/opencast-common,org.opencastproject.util,JsonArr,7,17,0,0,3,4,1,2,1,2
Opencast :: jacoco-reports/opencast-common,org.opencastproject.util,Jsons.new Jsons.Val() {...},0,3,0,0,0,1,0,1,0,1
Opencast :: jacoco-reports/opencast-common,org.opencastproject.util,Jsons,9,235,1,13,2,55,2,31,1,25
Opencast :: jacoco-reports/opencast-common,org.opencastproject.util,ReadinessIndicator,0,3,0,0,0,1,0,1,0,1
Opencast :: jacoco-reports/opencast-common,org.opencastproject.util,UrlSupport,52,204,8,26,15,48,8,22,0,13
Opencast :: jacoco-reports/opencast-common,org.opencastproject.util,ChecksumType.Adapter,8,9,0,0,3,3,0,3,0,3
Opencast :: jacoco-reports/opencast-common,org.opencastproject.util,NeedleEye,7,27,0,2,2,6,0,3,0,2
Opencast :: jacoco-reports/opencast-common,org.opencastproject.util,Jsons.Obj,2,25,1,1,1,7,1,4,0,4
Opencast :: jacoco-reports/opencast-common,org.opencastproject.util,ProgressInputStream,39,49,0,2,9,11,8,5,8,4
Opencast :: jacoco-reports/opencast-common,org.opencastproject.util,RestUtil,220,45,17,1,35,11,17,4,8,4
Opencast :: jacoco-reports/opencast-common,org.opencastproject.util,XmlNamespaceContext,12,235,1,19,3,45,3,21,2,12
Opencast :: jacoco-reports/opencast-common,org.opencastproject.util,Checksum,29,205,7,15,7,43,8,16,1,12
Opencast :: jacoco-reports/opencast-common,org.opencastproject.util,Jsons.Val,0,3,0,0,0,1,0,1,0,1
Opencast :: jacoco-reports/opencast-common,org.opencastproject.util,MimeTypes,42,168,4,14,13,48,5,11,1,6
Opencast :: jacoco-reports/opencast-common,org.opencastproject.util,HttpUtil,113,27,9,1,29,8,12,1,7,1
Opencast :: jacoco-reports/opencast-common,org.opencastproject.util,PropertiesResponse,12,0,0,0,6,0,3,0,3,0
Opencast :: jacoco-reports/opencast-common,org.opencastproject.util,MimeType,85,140,16,8,14,24,21,15,10,14
Opencast :: jacoco-reports/opencast-common,org.opencastproject.util,DateTimeSupport,10,143,2,4,2,26,2,5,0,4
Opencast :: jacoco-reports/opencast-common,org.opencastproject.util,ZipUtil,181,515,15,69,44,125,15,38,1,10
Opencast :: jacoco-reports/opencast-common,org.opencastproject.util,XmlNamespaceBinding,45,27,10,0,3,7,8,4,3,4
Opencast :: jacoco-reports/opencast-common,org.opencastproject.util,JaxbXmlSchemaGenerator.new SchemaOutputResolver() {...},0,17,0,0,0,4,0,2,0,2
Opencast :: jacoco-reports/opencast-common,org.opencastproject.util,MimeTypeUtil,11,0,0,0,2,0,3,0,3,0
Opencast :: jacoco-reports/opencast-common,org.opencastproject.util,StreamConsumer,138,0,8,0,45,0,11,0,7,0
Opencast :: jacoco-reports/opencast-common,org.opencastproject.util,PathSupport,38,105,7,15,7,26,7,10,0,6
Opencast :: jacoco-reports/opencast-common,org.opencastproject.util,MimeTypes.MimeTypeParser,13,128,1,9,6,36,4,9,3,5
Opencast :: jacoco-reports/opencast-common,org.opencastproject.util,PropertiesUtil,0,27,0,2,0,5,0,2,0,1
Opencast :: jacoco-reports/opencast-common,org.opencastproject.util,ReflectionUtil,6,54,3,9,3,12,4,6,1,3
Opencast :: jacoco-reports/opencast-common,org.opencastproject.util,Xpath,3,31,0,0,2,8,0,3,0,3
Opencast :: jacoco-reports/opencast-common,org.opencastproject.util,OsgiUtil,68,140,2,10,17,39,6,14,4,10
Opencast :: jacoco-reports/opencast-common,org.opencastproject.util,NotFoundException,0,16,0,0,0,8,0,4,0,4
Opencast :: jacoco-reports/opencast-common,org.opencastproject.util,StreamConsumer.new Function() {...},12,0,0,0,3,0,2,0,2,0
Opencast :: jacoco-reports/opencast-common,org.opencastproject.util,XmlSafeParser.new ThreadLocal() {...},10,16,0,0,3,7,0,2,0,2
Opencast :: jacoco-reports/opencast-common,org.opencastproject.util,ChecksumType,35,57,3,3,9,17,6,6,3,6
Opencast :: jacoco-reports/opencast-common,org.opencastproject.util,HashtableAdapter,64,0,4,0,11,0,5,0,3,0
Opencast :: jacoco-reports/opencast-common,org.opencastproject.util,JobUtil,46,173,4,7,7,37,4,23,1,20
Opencast :: jacoco-reports/opencast-common,org.opencastproject.util,XProperties,129,51,27,5,33,16,17,7,3,5
Opencast :: jacoco-reports/opencast-common,org.opencastproject.util,JobCanceledException,6,0,0,0,2,0,1,0,1,0
Opencast :: jacoco-reports/opencast-common,org.opencastproject.util,RequireUtil,27,44,5,9,4,14,5,8,0,6
Opencast :: jacoco-reports/opencast-common,org.opencastproject.util,SmartIterator,0,92,0,14,0,23,0,11,0,4
Opencast :: jacoco-reports/opencast-common,org.opencastproject.util,XmlSafeParser,38,111,1,3,10,31,1,8,0,7
Opencast :: jacoco-reports/opencast-common,org.opencastproject.util,JaxbXmlSchemaGenerator,14,29,4,4,4,6,4,2,0,2
Opencast :: jacoco-reports/opencast-common,org.opencastproject.util,ConfigurationException,5,4,0,0,2,2,1,1,1,1
Opencast :: jacoco-reports/opencast-common,org.opencastproject.util,Jsons.Prop,0,15,0,0,0,6,0,3,0,3
Opencast :: jacoco-reports/opencast-common,org.opencastproject.util,HashEntry,24,0,0,0,10,0,5,0,5,0
Opencast :: jacoco-reports/opencast-common,org.opencastproject.util,XmlUtil,15,91,0,0,6,27,0,8,0,8
Opencast :: jacoco-reports/opencast-common,org.opencastproject.util,MimeType.Adapter,7,12,0,0,3,3,0,3,0,3
Opencast :: jacoco-reports/opencast-common,org.opencastproject.util,XmlNamespaceContext.new NamespaceContext() {...},60,0,6,0,11,0,8,0,5,0
Opencast :: jacoco-reports/opencast-common,org.opencastproject.util,EnumSupport,49,12,4,0,18,4,3,2,1,2
Opencast :: jacoco-reports/opencast-common,org.opencastproject.util,Jsons.SVal,0,9,0,0,0,4,0,2,0,2
Opencast :: jacoco-reports/opencast-common,org.opencastproject.util,Jsons.Arr,0,12,0,0,0,5,0,3,0,3
Opencast :: jacoco-reports/opencast-common,org.opencastproject.util,JsonObj,46,94,3,1,11,17,5,10,3,10
Opencast :: jacoco-reports/opencast-common,org.opencastproject.util,JsonVal,38,24,0,0,8,7,8,5,8,5
Opencast :: jacoco-reports/opencast-common,org.opencastproject.util,LocalHashMap,50,0,2,0,11,0,4,0,3,0
Opencast :: jacoco-reports/opencast-common,org.opencastproject.util,EqualsUtil,5,146,9,29,1,30,9,19,0,9
Opencast :: jacoco-reports/opencast-common,org.opencastproject.util,UnknownFileTypeException,3,15,0,0,1,6,1,2,1,2
Opencast :: jacoco-reports/opencast-common-jpa-impl,org.opencastproject.serviceregistry.impl.jpa,HostRegistrationJpaImpl,32,110,1,1,12,40,10,16,9,16
Opencast :: jacoco-reports/opencast-common-jpa-impl,org.opencastproject.serviceregistry.impl.jpa,ServiceRegistrationJpaImpl,69,225,5,15,18,64,13,31,8,26
Opencast :: jacoco-reports/opencast-common-jpa-impl,org.opencastproject.job.jpa,JpaJob,44,442,3,9,10,113,6,40,4,36
Opencast :: jacoco-reports/opencast-common-jpa-impl,org.opencastproject.security.impl.jpa,JpaUser,42,201,6,14,7,48,8,22,2,18
Opencast :: jacoco-reports/opencast-common-jpa-impl,org.opencastproject.security.impl.jpa,JpaOrganization,33,110,4,2,8,39,6,16,3,16
Opencast :: jacoco-reports/opencast-common-jpa-impl,org.opencastproject.security.impl.jpa,JpaRole,20,82,2,4,6,22,5,12,3,11
Opencast :: jacoco-reports/opencast-common-jpa-impl,org.opencastproject.security.impl.jpa,JpaGroup,95,97,12,2,16,33,14,15,7,15
Opencast :: jacoco-reports/opencast-common-jpa-impl,org.opencastproject.security.impl.jpa,JpaUserReference,114,86,9,3,20,28,15,11,10,10
Opencast :: jacoco-reports/opencast-composer-ffmpeg,org.opencastproject.composer.impl,EncoderEngine,205,1820,48,146,47,338,40,78,2,19
Opencast :: jacoco-reports/opencast-composer-ffmpeg,org.opencastproject.composer.impl,EncodingProfileScanner.new FilenameFilter() {...},0,7,0,0,0,2,0,2,0,2
Opencast :: jacoco-reports/opencast-composer-ffmpeg,org.opencastproject.composer.impl,ComposerServiceImpl.Operation,0,75,0,0,0,3,0,1,0,1
Opencast :: jacoco-reports/opencast-composer-ffmpeg,org.opencastproject.composer.impl,EncoderEngine.OutputAggregate,133,1295,21,143,29,246,22,77,1,16
Opencast :: jacoco-reports/opencast-composer-ffmpeg,org.opencastproject.composer.impl,EncodingProfileScanner,75,492,12,38,13,107,11,27,1,12
Opencast :: jacoco-reports/opencast-composer-ffmpeg,org.opencastproject.composer.impl,ComposerServiceImpl,2498,3773,204,235,485,730,179,138,27,65
Opencast :: jacoco-reports/opencast-composer-ffmpeg,org.opencastproject.composer.impl.endpoint,ComposerRestService,962,282,117,31,204,59,81,18,15,10
Opencast :: jacoco-reports/opencast-composer-service-api,org.opencastproject.composer.layout,TwoShapeLayouts.TwoShapeLayoutSpec,0,15,0,0,0,6,0,3,0,3
Opencast :: jacoco-reports/opencast-composer-service-api,org.opencastproject.composer.layout,Serializer,12,270,0,0,1,30,1,15,1,15
Opencast :: jacoco-reports/opencast-composer-service-api,org.opencastproject.composer.layout,AnchorOffset,41,67,6,6,2,12,8,7,2,7
Opencast :: jacoco-reports/opencast-composer-service-api,org.opencastproject.composer.layout,HorizontalCoverageLayoutSpec,17,47,5,5,1,9,6,5,1,5
Opencast :: jacoco-reports/opencast-composer-service-api,org.opencastproject.composer.layout,Dimension,18,69,5,5,1,10,6,7,1,7
Opencast :: jacoco-reports/opencast-composer-service-api,org.opencastproject.composer.layout,AbsolutePositionLayoutSpec,30,9,6,0,4,4,6,2,3,2
Opencast :: jacoco-reports/opencast-composer-service-api,org.opencastproject.composer.layout,TwoShapeLayout,21,56,6,6,1,10,7,6,1,6
Opencast :: jacoco-reports/opencast-composer-service-api,org.opencastproject.composer.layout,Offset,35,48,5,5,2,9,7,6,2,6
Opencast :: jacoco-reports/opencast-composer-service-api,org.opencastproject.composer.layout,LayoutManager,99,268,18,2,10,40,18,15,9,14
Opencast :: jacoco-reports/opencast-composer-service-api,org.opencastproject.composer.layout,TwoShapeLayouts,29,0,0,0,3,0,1,0,1,0
Opencast :: jacoco-reports/opencast-composer-service-api,org.opencastproject.composer.layout,MultiShapeLayout,3,16,0,0,1,5,1,2,1,2
Opencast :: jacoco-reports/opencast-composer-service-api,org.opencastproject.composer.layout,Anchor,35,50,5,5,2,8,7,5,2,5
Opencast :: jacoco-reports/opencast-composer-service-api,org.opencastproject.composer.layout,Layout,16,44,5,5,1,8,6,5,1,5
Opencast :: jacoco-reports/opencast-composer-service-api,org.opencastproject.composer.layout,Anchors,0,31,0,0,0,5,0,1,0,1
Opencast :: jacoco-reports/opencast-composer-service-api,org.opencastproject.composer.api,EncodingProfileImpl.Extension,54,15,6,0,11,6,7,3,4,3
Opencast :: jacoco-reports/opencast-composer-service-api,org.opencastproject.composer.api,EncodingProfileBuilder,77,0,4,0,19,0,7,0,5,0
Opencast :: jacoco-reports/opencast-composer-service-api,org.opencastproject.composer.api,EncodingProfile.MediaType,6,101,2,8,1,12,2,5,0,2
Opencast :: jacoco-reports/opencast-composer-service-api,org.opencastproject.composer.api,LaidOutElement,0,15,0,0,0,6,0,3,0,3
Opencast :: jacoco-reports/opencast-composer-service-api,org.opencastproject.composer.api,EncodingProfileImpl,73,270,11,17,21,63,16,28,6,24
Opencast :: jacoco-reports/opencast-composer-service-api,org.opencastproject.composer.api,EncoderException,0,13,0,0,0,6,0,3,0,3
Opencast :: jacoco-reports/opencast-composer-service-api,org.opencastproject.composer.api,EncodingProfileList,42,30,9,5,15,10,11,2,4,2
Opencast :: jacoco-reports/opencast-composer-service-api,org.opencastproject.composer.api,VideoClip,25,74,0,0,5,19,4,10,4,10
Opencast :: jacoco-reports/opencast-composer-service-remote,org.opencastproject.composer.remote,ComposerServiceRemoteImpl,1830,0,58,0,379,0,57,0,28,0
Opencast :: jacoco-reports/opencast-composer-workflowoperation,org.opencastproject.workflow.handler.composer,SanitizeAdaptiveWorkflowOperationHandler,53,217,5,11,14,51,4,12,0,8
Opencast :: jacoco-reports/opencast-composer-workflowoperation,org.opencastproject.workflow.handler.composer,ProcessSmilWorkflowOperationHandler.JobInformation,3,45,0,0,1,16,1,6,1,6
Opencast :: jacoco-reports/opencast-composer-workflowoperation,org.opencastproject.workflow.handler.composer,ImageWorkflowOperationHandler.Cfg,0,27,0,0,0,10,0,1,0,1
Opencast :: jacoco-reports/opencast-composer-workflowoperation,org.opencastproject.workflow.handler.composer,SelectStreamsWorkflowOperationHandler.MuxResult,51,0,0,0,13,0,5,0,5,0
Opencast :: jacoco-reports/opencast-composer-workflowoperation,org.opencastproject.workflow.handler.composer,ProcessSmilWorkflowOperationHandler,195,1043,34,130,46,205,33,70,1,20
Opencast :: jacoco-reports/opencast-composer-workflowoperation,org.opencastproject.workflow.handler.composer,ProcessSmilWorkflowOperationHandler.TrackSection,10,63,4,6,4,21,4,8,0,7
Opencast :: jacoco-reports/opencast-composer-workflowoperation,org.opencastproject.workflow.handler.composer,ImageWorkflowOperationHandler.PositionType,0,15,0,0,0,2,0,1,0,1
Opencast :: jacoco-reports/opencast-composer-workflowoperation,org.opencastproject.workflow.handler.composer,ConcatWorkflowOperationHandler.SourceType,0,21,0,0,0,2,0,1,0,1
Opencast :: jacoco-reports/opencast-composer-workflowoperation,org.opencastproject.workflow.handler.composer,ImageToVideoWorkflowOperationHandler,47,233,7,7,10,56,8,14,2,13
Opencast :: jacoco-reports/opencast-composer-workflowoperation,org.opencastproject.workflow.handler.composer,SelectStreamsWorkflowOperationHandler.SubTrack,15,0,0,0,2,0,1,0,1,0
Opencast :: jacoco-reports/opencast-composer-workflowoperation,org.opencastproject.workflow.handler.composer,SelectStreamsWorkflowOperationHandler,1045,0,128,0,198,0,97,0,33,0
Opencast :: jacoco-reports/opencast-composer-workflowoperation,org.opencastproject.workflow.handler.composer,MultiEncodeWorkflowOperationHandler.ElementProfileTagFlavor,12,86,1,3,3,25,3,9,2,8
Opencast :: jacoco-reports/opencast-composer-workflowoperation,org.opencastproject.workflow.handler.composer,ImageWorkflowOperationHandler.Extraction,15,0,0,0,6,0,1,0,1,0
Opencast :: jacoco-reports/opencast-composer-workflowoperation,org.opencastproject.workflow.handler.composer,EncodeWorkflowOperationHandler,439,0,50,0,99,0,32,0,7,0
Opencast :: jacoco-reports/opencast-composer-workflowoperation,org.opencastproject.workflow.handler.composer,SanitizeAdaptiveWorkflowOperationHandler.new Function() {...},11,15,0,0,4,4,0,2,0,2
Opencast :: jacoco-reports/opencast-composer-workflowoperation,org.opencastproject.workflow.handler.composer,MultiEncodeWorkflowOperationHandler,167,695,35,103,28,150,32,53,1,15
Opencast :: jacoco-reports/opencast-composer-workflowoperation,org.opencastproject.workflow.handler.composer,SanitizeAdaptiveWorkflowOperationHandler.new Function() {...},8,12,0,0,3,2,0,2,0,2
Opencast :: jacoco-reports/opencast-composer-workflowoperation,org.opencastproject.workflow.handler.composer,SegmentPreviewsWorkflowOperationHandler,584,0,60,0,142,0,40,0,10,0
Opencast :: jacoco-reports/opencast-composer-workflowoperation,org.opencastproject.workflow.handler.composer,PrepareAVWorkflowOperationHandler,604,0,78,0,143,0,49,0,9,0
Opencast :: jacoco-reports/opencast-composer-workflowoperation,org.opencastproject.workflow.handler.composer,CompositeWorkflowOperationHandler.CompositeSettings,151,473,26,34,36,108,29,25,3,21
Opencast :: jacoco-reports/opencast-composer-workflowoperation,org.opencastproject.workflow.handler.composer,SelectStreamsWorkflowOperationHandler.AudioMuxing,29,0,0,0,4,0,3,0,3,0
Opencast :: jacoco-reports/opencast-composer-workflowoperation,org.opencastproject.workflow.handler.composer,ImageWorkflowOperationHandler.MediaPosition,37,38,5,5,4,6,8,3,3,3
Opencast :: jacoco-reports/opencast-composer-workflowoperation,org.opencastproject.workflow.handler.composer,ImageWorkflowOperationHandler,649,200,51,27,143,35,49,19,20,8
Opencast :: jacoco-reports/opencast-composer-workflowoperation,org.opencastproject.workflow.handler.composer,SelectStreamsWorkflowOperationHandler.TrackJobResult,9,0,0,0,4,0,1,0,1,0
Opencast :: jacoco-reports/opencast-composer-workflowoperation,org.opencastproject.workflow.handler.composer,ImageConvertWorkflowOperationHandler,94,316,12,24,23,74,11,14,0,7
Opencast :: jacoco-reports/opencast-composer-workflowoperation,org.opencastproject.workflow.handler.composer,SelectStreamsWorkflowOperationHandler.AugmentedTrack,86,0,4,0,18,0,9,0,7,0
Opencast :: jacoco-reports/opencast-composer-workflowoperation,org.opencastproject.workflow.handler.composer,CompositeWorkflowOperationHandler,413,488,48,32,89,111,35,15,1,9
Opencast :: jacoco-reports/opencast-composer-workflowoperation,org.opencastproject.workflow.handler.composer,MultiEncodeWorkflowOperationHandler.JobInformation,0,31,0,0,0,11,0,5,0,5
Opencast :: jacoco-reports/opencast-composer-workflowoperation,org.opencastproject.workflow.handler.composer,ImageWorkflowOperationHandler.MediaPositionParser,9,111,5,27,2,30,5,13,1,1
Opencast :: jacoco-reports/opencast-composer-workflowoperation,org.opencastproject.workflow.handler.composer,MuxWorkflowOperationHandler,500,0,44,0,94,0,32,0,10,0
Opencast :: jacoco-reports/opencast-composer-workflowoperation,org.opencastproject.workflow.handler.composer,ConcatWorkflowOperationHandler,123,807,23,99,28,169,22,49,0,10
Opencast :: jacoco-reports/opencast-composer-workflowoperation,org.opencastproject.workflow.handler.composer,PartialImportWorkflowOperationHandler,2206,409,177,45,421,81,118,31,22,16
Opencast :: jacoco-reports/opencast-composer-workflowoperation,org.opencastproject.workflow.handler.composer,DemuxWorkflowOperationHandler,102,338,18,24,18,74,16,13,0,8
Opencast :: jacoco-reports/opencast-composer-workflowoperation,org.opencastproject.workflow.handler.composer,ProcessSmilWorkflowOperationHandler.ResultTally,0,15,0,0,0,6,0,3,0,3
Opencast :: jacoco-reports/opencast-composer-workflowoperation,org.opencastproject.workflow.handler.composer,EncodeWorkflowOperationHandler.JobInformation,21,0,0,0,8,0,3,0,3,0
Opencast :: jacoco-reports/opencast-conductor,org.opencastproject.event.handler,OaiPmhUpdatedEventHandler,56,231,6,14,17,56,11,8,5,4
Opencast :: jacoco-reports/opencast-conductor,org.opencastproject.event.handler,SearchUpdatedEventHandler,540,0,38,0,117,0,33,0,14,0
Opencast :: jacoco-reports/opencast-conductor,org.opencastproject.event.handler,ConductingEpisodeUpdatedEventHandler,51,0,8,0,18,0,11,0,7,0
Opencast :: jacoco-reports/opencast-conductor,org.opencastproject.event.handler,AssetManagerUpdatedEventHandler,412,0,28,0,99,0,25,0,11,0
Opencast :: jacoco-reports/opencast-conductor,org.opencastproject.event.handler,ConductingSeriesUpdatedEventHandler,61,0,8,0,18,0,11,0,7,0
Opencast :: jacoco-reports/opencast-cover-image-api,org.opencastproject.coverimage,CoverImageException,8,5,0,0,4,2,2,1,2,1
Opencast :: jacoco-reports/opencast-cover-image-impl,org.opencastproject.coverimage.impl,AbstractCoverImageService,315,107,5,9,73,28,9,7,6,3
Opencast :: jacoco-reports/opencast-cover-image-impl,org.opencastproject.coverimage.impl,CoverImageServiceOsgiImpl,46,0,0,0,19,0,12,0,12,0
Opencast :: jacoco-reports/opencast-cover-image-impl,org.opencastproject.coverimage.impl,AbstractCoverImageService.Operation,9,0,0,0,2,0,1,0,1,0
Opencast :: jacoco-reports/opencast-cover-image-impl,org.opencastproject.coverimage.impl.endpoint,CoverImageEndpoint,60,0,2,0,17,0,9,0,8,0
Opencast :: jacoco-reports/opencast-cover-image-impl,org.opencastproject.coverimage.impl.xsl,XsltHelper,0,62,0,18,0,12,0,10,0,1
Opencast :: jacoco-reports/opencast-cover-image-remote,org.opencastproject.coverimage.remote,CoverImageServiceRemoteImpl,129,0,2,0,30,0,6,0,5,0
Opencast :: jacoco-reports/opencast-cover-image-workflowoperation,org.opencastproject.workflow.handler.coverimage,CoverImageWorkflowOperationHandler,38,9,0,0,16,3,10,2,10,2
Opencast :: jacoco-reports/opencast-cover-image-workflowoperation,org.opencastproject.workflow.handler.coverimage,CoverImageWorkflowOperationHandlerBase,709,82,45,8,165,24,32,7,6,4
Opencast :: jacoco-reports/opencast-crop-api,org.opencastproject.crop.api,CropException,4,5,0,0,2,2,1,1,1,1
Opencast :: jacoco-reports/opencast-crop-ffmpeg,org.opencastproject.crop.endpoint,CropRestEndpoint,81,0,6,0,26,0,11,0,8,0
Opencast :: jacoco-reports/opencast-crop-ffmpeg,org.opencastproject.crop.impl,CropServiceImpl,241,489,18,22,68,122,17,20,1,16
Opencast :: jacoco-reports/opencast-crop-ffmpeg,org.opencastproject.crop.impl,CropServiceImpl.Operation,0,9,0,0,0,2,0,1,0,1
Opencast :: jacoco-reports/opencast-crop-remote,org.opencastproject.crop.remote,CropServiceRemoteImpl,94,0,2,0,25,0,6,0,5,0
Opencast :: jacoco-reports/opencast-crop-workflowoperation,org.opencastproject.workflow.handler.crop,CropWorkflowOperationHandler,50,212,3,13,10,50,3,12,0,7
Opencast :: jacoco-reports/opencast-db,org.opencastproject.db,Activator,504,0,50,0,124,0,34,0,9,0
Opencast :: jacoco-reports/opencast-dictionary-none,org.opencastproject.dictionary.none,DictionaryServiceImpl,19,8,0,0,4,2,1,2,1,2
Opencast :: jacoco-reports/opencast-dictionary-regexp,org.opencastproject.dictionary.regexp,DictionaryServiceImpl,41,73,4,4,10,22,4,7,2,5
Opencast :: jacoco-reports/opencast-distribution-service-api,org.opencastproject.distribution.api,DistributionException,13,0,0,0,6,0,3,0,3,0
Opencast :: jacoco-reports/opencast-distribution-service-api,org.opencastproject.distribution.api,AbstractDistributionService,3,67,0,0,1,27,1,11,1,11
Opencast :: jacoco-reports/opencast-distribution-service-aws-s3,org.opencastproject.distribution.aws.s3.endpoint,AwsS3DistributionRestService,298,0,2,0,64,0,12,0,11,0
Opencast :: jacoco-reports/opencast-distribution-service-aws-s3,org.opencastproject.distribution.aws.s3.endpoint,AwsS3DistributionRestService.new TypeToken() {...},3,0,0,0,1,0,1,0,1,0
Opencast :: jacoco-reports/opencast-distribution-service-aws-s3,org.opencastproject.distribution.aws.s3.endpoint,AwsS3DistributionRestService.new TypeToken() {...},3,0,0,0,1,0,1,0,1,0
Opencast :: jacoco-reports/opencast-distribution-service-aws-s3,org.opencastproject.distribution.aws.s3.endpoint,AwsS3DistributionRestService.new TypeToken() {...},3,0,0,0,1,0,1,0,1,0
Opencast :: jacoco-reports/opencast-distribution-service-aws-s3,org.opencastproject.distribution.aws.s3.endpoint,AwsS3DistributionRestService.new TypeToken() {...},3,0,0,0,1,0,1,0,1,0
Opencast :: jacoco-reports/opencast-distribution-service-aws-s3,org.opencastproject.distribution.aws.s3,AwsS3DistributionServiceImpl,974,947,60,33,215,194,51,45,15,34
Opencast :: jacoco-reports/opencast-distribution-service-aws-s3,org.opencastproject.distribution.aws.s3,PresignedUrlMediaPackageSerializer,44,0,2,0,15,0,7,0,6,0
Opencast :: jacoco-reports/opencast-distribution-service-aws-s3,org.opencastproject.distribution.aws.s3,AwsS3DistributionServiceImpl.Operation,0,15,0,0,0,2,0,1,0,1
Opencast :: jacoco-reports/opencast-distribution-service-aws-s3,org.opencastproject.distribution.aws.s3,AwsS3DistributionServiceImpl.new TypeToken() {...},3,0,0,0,1,0,1,0,1,0
Opencast :: jacoco-reports/opencast-distribution-service-aws-s3-remote,org.opencastproject.distribution.aws.s3.remote,AwsS3DistributionServiceRemoteImpl,434,0,8,0,66,0,20,0,16,0
Opencast :: jacoco-reports/opencast-distribution-service-download,org.opencastproject.distribution.download.endpoint,DownloadDistributionRestService.new TypeToken() {...},3,0,0,0,1,0,1,0,1,0
Opencast :: jacoco-reports/opencast-distribution-service-download,org.opencastproject.distribution.download.endpoint,DownloadDistributionRestService.new TypeToken() {...},3,0,0,0,1,0,1,0,1,0
Opencast :: jacoco-reports/opencast-distribution-service-download,org.opencastproject.distribution.download.endpoint,DownloadDistributionRestService,221,0,2,0,57,0,12,0,11,0
Opencast :: jacoco-reports/opencast-distribution-service-download,org.opencastproject.distribution.download.endpoint,DownloadDistributionRestService.new TypeToken() {...},3,0,0,0,1,0,1,0,1,0
Opencast :: jacoco-reports/opencast-distribution-service-download,org.opencastproject.distribution.download.endpoint,DownloadDistributionRestService.new TypeToken() {...},3,0,0,0,1,0,1,0,1,0
Opencast :: jacoco-reports/opencast-distribution-service-download,org.opencastproject.distribution.download,DownloadDistributionServiceImpl.Operation,0,15,0,0,0,2,0,1,0,1
Opencast :: jacoco-reports/opencast-distribution-service-download,org.opencastproject.distribution.download,DownloadDistributionServiceImpl.new SimpleFileVisitor() {...},14,47,6,4,3,8,4,3,0,2
Opencast :: jacoco-reports/opencast-distribution-service-download,org.opencastproject.distribution.download,DownloadDistributionServiceImpl.new TypeToken() {...},0,3,0,0,0,1,0,1,0,1
Opencast :: jacoco-reports/opencast-distribution-service-download,org.opencastproject.distribution.download,DownloadDistributionServiceImpl,576,1265,23,62,112,241,32,57,12,34
[...]
Opencast :: jacoco-reports/opencast-videogrid-workflowoperation,org.opencastproject.workflow.handler.videogrid,VideoGridWorkflowOperationHandler.LayoutArea,36,51,0,0,16,18,10,4,10,4
Opencast :: jacoco-reports/opencast-videogrid-workflowoperation,org.opencastproject.workflow.handler.videogrid,VideoGridWorkflowOperationHandler.StartStopEvent,21,21,0,0,9,7,6,2,6,2
Opencast :: jacoco-reports/opencast-videogrid-workflowoperation,org.opencastproject.workflow.handler.videogrid,VideoGridWorkflowOperationHandler,259,1788,28,74,53,293,29,41,2,17
Opencast :: jacoco-reports/opencast-videosegmenter-api,org.opencastproject.videosegmenter.api,VideoSegmenterException,13,0,0,0,6,0,3,0,3,0
Opencast :: jacoco-reports/opencast-videosegmenter-ffmpeg,org.opencastproject.videosegmenter.ffmpeg,VideoSegmenterServiceImpl.Operation,0,9,0,0,0,2,0,1,0,1
Opencast :: jacoco-reports/opencast-videosegmenter-ffmpeg,org.opencastproject.videosegmenter.ffmpeg,VideoSegmenterServiceImpl,1362,1309,144,70,308,279,92,42,9,18
Opencast :: jacoco-reports/opencast-videosegmenter-ffmpeg,org.opencastproject.videosegmenter.ffmpeg,OptimizationStep,13,125,2,10,5,37,5,13,3,9
Opencast :: jacoco-reports/opencast-videosegmenter-ffmpeg,org.opencastproject.videosegmenter.ffmpeg,VideoSegmenterServiceImpl.Chapter,3,0,0,0,1,0,1,0,1,0
Opencast :: jacoco-reports/opencast-videosegmenter-ffmpeg,org.opencastproject.videosegmenter.ffmpeg.endpoint,VideoSegmenterRestEndpoint,81,0,6,0,22,0,11,0,8,0
Opencast :: jacoco-reports/opencast-videosegmenter-remote,org.opencastproject.videosegmenter.remote,VideoSegmenterRemoteImpl,87,0,2,0,24,0,6,0,5,0
Opencast :: jacoco-reports/opencast-videosegmenter-workflowoperation,org.opencastproject.workflow.handler.videosegmenter,VideoSegmenterWorkflowOperationHandler,224,0,20,0,50,0,17,0,7,0
Opencast :: jacoco-reports/opencast-waveform-api,org.opencastproject.waveform.api,WaveformServiceException,13,0,0,0,6,0,3,0,3,0
Opencast :: jacoco-reports/opencast-waveform-ffmpeg,org.opencastproject.waveform.endpoint,WaveformServiceEndpoint,84,0,4,0,22,0,9,0,7,0
Opencast :: jacoco-reports/opencast-waveform-ffmpeg,org.opencastproject.waveform.ffmpeg,WaveformServiceImpl,231,587,30,28,55,137,36,11,8,10
Opencast :: jacoco-reports/opencast-waveform-ffmpeg,org.opencastproject.waveform.ffmpeg,WaveformServiceImpl.Operation,0,9,0,0,0,2,0,1,0,1
Opencast :: jacoco-reports/opencast-waveform-remote,org.opencastproject.waveform.remote,WaveformServiceRemote,132,0,2,0,29,0,6,0,5,0
Opencast :: jacoco-reports/opencast-waveform-workflowoperation,org.opencastproject.workflow.handler.waveform,WaveformWorkflowOperationHandler,85,317,6,18,23,70,8,11,2,5
Opencast :: jacoco-reports/opencast-workflow-condition-parser,org.opencastproject.workflow.conditionparser,ComparisonOperator,4,55,2,4,2,7,2,5,0,2
Opencast :: jacoco-reports/opencast-workflow-condition-parser,org.opencastproject.workflow.conditionparser,Atom,106,118,21,13,17,24,16,12,2,8
Opencast :: jacoco-reports/opencast-workflow-condition-parser,org.opencastproject.workflow.conditionparser,NumericalOperator,4,39,2,2,2,5,2,3,0,2
Opencast :: jacoco-reports/opencast-workflow-condition-parser,org.opencastproject.workflow.conditionparser,WorkflowConditionBooleanInterpreter,59,203,19,31,9,35,17,19,2,7
Opencast :: jacoco-reports/opencast-workflow-condition-parser,org.opencastproject.workflow.conditionparser,WorkflowConditionInterpreter,0,248,2,28,0,72,2,19,0,6
Opencast :: jacoco-reports/opencast-workflow-condition-parser,org.opencastproject.workflow.conditionparser,WorkflowConditionInterpreter.new BaseErrorListener() {...},8,3,0,0,1,1,1,1,1,1
Opencast :: jacoco-reports/opencast-workflow-condition-parser,org.opencastproject.workflow.conditionparser.antlr,WorkflowConditionParser.RelationContext,34,16,6,0,8,4,8,3,5,3
Opencast :: jacoco-reports/opencast-workflow-condition-parser,org.opencastproject.workflow.conditionparser.antlr,WorkflowConditionParser,167,580,7,21,52,125,12,22,5,12
Opencast :: jacoco-reports/opencast-workflow-condition-parser,org.opencastproject.workflow.conditionparser.antlr,WorkflowConditionParser.BooleanExpressionContext,27,25,5,1,7,5,7,4,4,4
Opencast :: jacoco-reports/opencast-workflow-condition-parser,org.opencastproject.workflow.conditionparser.antlr,WorkflowConditionParser.BooleanTermContext,27,25,5,1,7,5,7,4,4,4
Opencast :: jacoco-reports/opencast-workflow-condition-parser,org.opencastproject.workflow.conditionparser.antlr,WorkflowConditionBaseVisitor,24,3,0,0,6,1,6,1,6,1
Opencast :: jacoco-reports/opencast-workflow-condition-parser,org.opencastproject.workflow.conditionparser.antlr,WorkflowConditionParser.BooleanValueContext,27,34,5,1,7,7,7,6,4,6
Opencast :: jacoco-reports/opencast-workflow-condition-parser,org.opencastproject.workflow.conditionparser.antlr,WorkflowConditionLexer,16,241,0,8,8,27,8,9,8,5
Opencast :: jacoco-reports/opencast-workflow-condition-parser,org.opencastproject.workflow.conditionparser.antlr,WorkflowConditionParser.AtomContext,41,15,6,0,9,4,9,3,6,3
Opencast :: jacoco-reports/opencast-workflow-condition-parser,org.opencastproject.workflow.conditionparser.antlr,WorkflowConditionBaseListener,19,0,0,0,17,0,17,0,17,0
Opencast :: jacoco-reports/opencast-workflow-condition-parser,org.opencastproject.workflow.conditionparser.antlr,WorkflowConditionParser.RelationOperandContext,34,20,6,0,8,5,8,4,5,4
Opencast :: jacoco-reports/opencast-workflow-service-api,org.opencastproject.workflow.api,WorkflowOperationResult.Action,0,21,0,0,0,2,0,1,0,1
Opencast :: jacoco-reports/opencast-workflow-service-api,org.opencastproject.workflow.api,WorkflowServiceDatabaseImpl,227,322,5,5,50,60,10,18,6,17
Opencast :: jacoco-reports/opencast-workflow-service-api,org.opencastproject.workflow.api,WorkflowOperationInstance.OperationState,0,45,0,0,0,2,0,1,0,1
Opencast :: jacoco-reports/opencast-workflow-service-api,org.opencastproject.workflow.api,WorkflowOperationDefinitionImpl.Adapter,0,8,0,0,0,3,0,3,0,3
Opencast :: jacoco-reports/opencast-workflow-service-api,org.opencastproject.workflow.api,RetryStrategy,0,21,0,0,0,4,0,1,0,1
Opencast :: jacoco-reports/opencast-workflow-service-api,org.opencastproject.workflow.api,JaxbWorkflowOperationInstance.DateAdapter,4,17,2,2,0,3,2,3,0,3
Opencast :: jacoco-reports/opencast-workflow-service-api,org.opencastproject.workflow.api,ConfiguredWorkflow,6,27,0,0,1,8,1,5,1,5
Opencast :: jacoco-reports/opencast-workflow-service-api,org.opencastproject.workflow.api,WorkflowOperationInstance,23,367,9,31,8,116,9,55,2,42
Opencast :: jacoco-reports/opencast-workflow-service-api,org.opencastproject.workflow.api,AbstractWorkflowOperationHandler.Configuration,0,27,0,0,0,2,0,1,0,1
Opencast :: jacoco-reports/opencast-workflow-service-api,org.opencastproject.workflow.api,XmlWorkflowParser,100,97,2,0,25,26,3,8,2,8
Opencast :: jacoco-reports/opencast-workflow-service-api,org.opencastproject.workflow.api,WorkflowStateMappingImpl,30,3,0,0,11,2,6,1,6,1
Opencast :: jacoco-reports/opencast-workflow-service-api,org.opencastproject.workflow.api,WorkflowOperationResultImpl,25,47,2,2,10,18,6,8,4,8
Opencast :: jacoco-reports/opencast-workflow-service-api,org.opencastproject.workflow.api,WorkflowIdentifier,39,51,7,5,8,9,10,3,4,3
Opencast :: jacoco-reports/opencast-workflow-service-api,org.opencastproject.workflow.api,WorkflowListener,2,0,0,0,2,0,2,0,2,0
Opencast :: jacoco-reports/opencast-workflow-service-api,org.opencastproject.workflow.api,WorkflowDefinitionImpl.Adapter,8,0,0,0,3,0,3,0,3,0
Opencast :: jacoco-reports/opencast-workflow-service-api,org.opencastproject.workflow.api,WorkflowStateListener,88,162,9,9,16,35,10,10,3,8
Opencast :: jacoco-reports/opencast-workflow-service-api,org.opencastproject.workflow.api,WorkflowInstance.WorkflowState.Adapter,4,15,2,2,0,3,2,3,0,3
Opencast :: jacoco-reports/opencast-workflow-service-api,org.opencastproject.workflow.api,JaxbWorkflowInstance,151,158,6,4,37,35,6,6,3,4
Opencast :: jacoco-reports/opencast-workflow-service-api,org.opencastproject.workflow.api,WorkflowParsingException,8,0,0,0,4,0,2,0,2,0
Opencast :: jacoco-reports/opencast-workflow-service-api,org.opencastproject.workflow.api,WorkflowOperationDefinitionImpl,95,111,19,9,32,35,20,17,9,14
Opencast :: jacoco-reports/opencast-workflow-service-api,org.opencastproject.workflow.api,WorkflowDefinitionSet,29,0,2,0,11,0,5,0,4,0
Opencast :: jacoco-reports/opencast-workflow-service-api,org.opencastproject.workflow.api,ConfiguredTagsAndFlavors.TargetTags,0,39,0,0,0,13,0,5,0,5
Opencast :: jacoco-reports/opencast-workflow-service-api,org.opencastproject.workflow.api,RetryStrategy.Adapter,2,17,1,3,0,3,1,4,0,3
Opencast :: jacoco-reports/opencast-workflow-service-api,org.opencastproject.workflow.api,WorkflowStateException,0,7,0,0,0,4,0,2,0,2
Opencast :: jacoco-reports/opencast-workflow-service-api,org.opencastproject.workflow.api,WorkflowDefinitionImpl,127,163,27,19,33,51,27,26,9,21
Opencast :: jacoco-reports/opencast-workflow-service-api,org.opencastproject.workflow.api,WorkflowSetImpl,44,25,5,3,12,8,6,3,3,2
Opencast :: jacoco-reports/opencast-workflow-service-api,org.opencastproject.workflow.api,JaxbWorkflowConfiguration,47,35,13,1,17,12,10,5,3,5
Opencast :: jacoco-reports/opencast-workflow-service-api,org.opencastproject.workflow.api,WorkflowIndexData,36,0,0,0,14,0,7,0,7,0
Opencast :: jacoco-reports/opencast-workflow-service-api,org.opencastproject.workflow.api,WorkflowDatabaseException,13,3,0,0,6,2,3,1,3,1
Opencast :: jacoco-reports/opencast-workflow-service-api,org.opencastproject.workflow.api,WorkflowUtil,17,5,7,1,3,1,5,1,1,1
Opencast :: jacoco-reports/opencast-workflow-service-api,org.opencastproject.workflow.api,WorkflowOperationException,0,13,0,0,0,6,0,3,0,3
Opencast :: jacoco-reports/opencast-workflow-service-api,org.opencastproject.workflow.api,WorkflowStateMappingImpl.Adapter,0,8,0,0,0,3,0,3,0,3
Opencast :: jacoco-reports/opencast-workflow-service-api,org.opencastproject.workflow.api,YamlWorkflowConfigurationSerializer,7,8,0,0,2,4,1,2,1,2
Opencast :: jacoco-reports/opencast-workflow-service-api,org.opencastproject.workflow.api,YamlWorkflowConfigurationDeserializer,2,35,1,1,1,9,1,3,0,3
Opencast :: jacoco-reports/opencast-workflow-service-api,org.opencastproject.workflow.api,ConfiguredTagsAndFlavors,70,133,12,4,15,32,10,13,2,13
Opencast :: jacoco-reports/opencast-workflow-service-api,org.opencastproject.workflow.api,WorkflowOperationAbortedException,0,4,0,0,0,2,0,1,0,1
Opencast :: jacoco-reports/opencast-workflow-service-api,org.opencastproject.workflow.api,YamlWorkflowParser,95,49,0,0,24,10,7,2,7,2
Opencast :: jacoco-reports/opencast-workflow-service-api,org.opencastproject.workflow.api,WorkflowException,9,7,0,0,4,4,2,2,2,2
Opencast :: jacoco-reports/opencast-workflow-service-api,org.opencastproject.workflow.api,WorkflowInstance,73,451,16,48,21,122,16,54,4,34
Opencast :: jacoco-reports/opencast-workflow-service-api,org.opencastproject.workflow.api,WorkflowSetImpl.Adapter,8,0,0,0,3,0,3,0,3,0
Opencast :: jacoco-reports/opencast-workflow-service-api,org.opencastproject.workflow.api,WorkflowInstance.WorkflowState,0,52,0,2,0,5,0,3,0,2
Opencast :: jacoco-reports/opencast-workflow-service-api,org.opencastproject.workflow.api,JaxbWorkflowOperationInstance,165,155,6,2,43,33,5,5,2,4
Opencast :: jacoco-reports/opencast-workflow-service-api,org.opencastproject.workflow.api,AbstractWorkflowOperationHandler,274,583,47,52,59,143,39,52,6,28
Opencast :: jacoco-reports/opencast-workflow-service-impl,org.opencastproject.workflow.endpoint,WorkflowRestService,610,41,33,1,156,12,43,5,26,5
Opencast :: jacoco-reports/opencast-workflow-service-impl,org.opencastproject.workflow.impl,WorkflowCleanupScanner.Runner,44,0,2,0,9,0,4,0,3,0
Opencast :: jacoco-reports/opencast-workflow-service-impl,org.opencastproject.workflow.impl,WorkflowServiceImpl.Operation,0,21,0,0,0,2,0,1,0,1
Opencast :: jacoco-reports/opencast-workflow-service-impl,org.opencastproject.workflow.impl,WorkflowServiceImpl.JobRunner,0,70,0,0,0,15,0,2,0,2
Opencast :: jacoco-reports/opencast-workflow-service-impl,org.opencastproject.workflow.impl,WorkflowDefinitionScanner,457,62,45,3,89,15,43,5,19,5
Opencast :: jacoco-reports/opencast-workflow-service-impl,org.opencastproject.workflow.impl,WorkflowOperationWorker,120,289,13,24,22,77,13,14,1,7
Opencast :: jacoco-reports/opencast-workflow-service-impl,org.opencastproject.workflow.impl,AbstractWorkflowBufferScanner,10,0,0,0,4,0,3,0,3,0
Opencast :: jacoco-reports/opencast-workflow-service-impl,org.opencastproject.workflow.impl,WorkflowFilenameFilter,28,0,4,0,6,0,5,0,3,0
Opencast :: jacoco-reports/opencast-workflow-service-impl,org.opencastproject.workflow.impl,WorkflowCleanupScanner,319,0,14,0,104,0,22,0,15,0
Opencast :: jacoco-reports/opencast-workflow-service-impl,org.opencastproject.workflow.impl,WorkflowServiceImpl.HandlerRegistration,46,35,10,2,13,11,8,2,2,2
Opencast :: jacoco-reports/opencast-workflow-service-impl,org.opencastproject.workflow.impl,WorkflowServiceImpl,1690,2173,161,181,402,549,137,123,21,59
Opencast :: jacoco-reports/opencast-workflow-service-remote,org.opencastproject.workflow.remote,WorkflowServiceRemoteImpl,1187,0,72,0,254,0,64,0,28,0
Opencast :: jacoco-reports/opencast-workflow-workflowoperation,org.opencastproject.workflow.handler.workflow,AddCatalogWorkflowOperationHandler,18,137,0,8,6,35,0,9,0,5
Opencast :: jacoco-reports/opencast-workflow-workflowoperation,org.opencastproject.workflow.handler.workflow,CloneWorkflowOperationHandler,30,200,1,11,8,47,2,10,1,5
Opencast :: jacoco-reports/opencast-workflow-workflowoperation,org.opencastproject.workflow.handler.workflow,ZipWorkflowOperationHandler,124,360,7,21,30,86,8,13,2,5
Opencast :: jacoco-reports/opencast-workflow-workflowoperation,org.opencastproject.workflow.handler.workflow,SeriesWorkflowOperationHandler,89,539,7,45,28,110,9,30,2,11
Opencast :: jacoco-reports/opencast-workflow-workflowoperation,org.opencastproject.workflow.handler.workflow,IncludeWorkflowOperationHandler,93,0,4,0,25,0,9,0,7,0
Opencast :: jacoco-reports/opencast-workflow-workflowoperation,org.opencastproject.workflow.handler.workflow,ImportWorkflowPropertiesWOH,20,142,3,5,6,31,3,8,0,7
Opencast :: jacoco-reports/opencast-workflow-workflowoperation,org.opencastproject.workflow.handler.workflow,DuplicateEventWorkflowOperationHandler,313,749,37,43,67,172,30,26,2,14
Opencast :: jacoco-reports/opencast-workflow-workflowoperation,org.opencastproject.workflow.handler.workflow,WebvttToCutMarksWorkflowOperationHandler,617,0,48,0,147,0,37,0,13,0
Opencast :: jacoco-reports/opencast-workflow-workflowoperation,org.opencastproject.workflow.handler.workflow,TransferMetadataWorkflowOperationHandler.Metadata.NoMetadataFoundException,0,6,0,0,0,1,0,1,0,1
Opencast :: jacoco-reports/opencast-workflow-workflowoperation,org.opencastproject.workflow.handler.workflow,ExportWorkflowPropertiesWOH,18,230,4,10,4,52,4,9,0,6
Opencast :: jacoco-reports/opencast-workflow-workflowoperation,org.opencastproject.workflow.handler.workflow,PublicationChannelToWorkspace,253,0,16,0,58,0,15,0,7,0
Opencast :: jacoco-reports/opencast-workflow-workflowoperation,org.opencastproject.workflow.handler.workflow,TransferMetadataWorkflowOperationHandler,47,117,3,5,13,28,3,5,0,4
Opencast :: jacoco-reports/opencast-workflow-workflowoperation,org.opencastproject.workflow.handler.workflow,TransferMetadataWorkflowOperationHandler.Configuration,0,51,0,0,0,13,0,3,0,3
Opencast :: jacoco-reports/opencast-workflow-workflowoperation,org.opencastproject.workflow.handler.workflow,ErrorResolutionWorkflowOperationHandler,58,45,2,3,16,10,5,4,3,3
Opencast :: jacoco-reports/opencast-workflow-workflowoperation,org.opencastproject.workflow.handler.workflow,TagByDublinCoreTermWOH,37,199,8,20,9,47,8,10,0,4
Opencast :: jacoco-reports/opencast-workflow-workflowoperation,org.opencastproject.workflow.handler.workflow,AnalyzeTracksWorkflowOperationHandler,11,278,3,19,1,50,3,14,0,6
Opencast :: jacoco-reports/opencast-workflow-workflowoperation,org.opencastproject.workflow.handler.workflow,TransferMetadataWorkflowOperationHandler.Metadata,4,71,1,3,1,14,1,3,0,2
Opencast :: jacoco-reports/opencast-workflow-workflowoperation,org.opencastproject.workflow.handler.workflow,TagWorkflowOperationHandler,32,148,5,15,11,38,7,8,2,3
Opencast :: jacoco-reports/opencast-workflow-workflowoperation,org.opencastproject.workflow.handler.workflow,ConditionalConfigWorkflowOperationHandler,67,153,4,8,13,29,5,6,1,4
Opencast :: jacoco-reports/opencast-workflow-workflowoperation,org.opencastproject.workflow.handler.workflow,ResumableWorkflowOperationHandlerBase,106,19,8,0,28,6,12,2,8,2
Opencast :: jacoco-reports/opencast-workflow-workflowoperation,org.opencastproject.workflow.handler.workflow,CopyWorkflowOperationHandler,76,290,5,21,15,63,6,13,1,5
Opencast :: jacoco-reports/opencast-workflow-workflowoperation,org.opencastproject.workflow.handler.workflow,ProbeResolutionWorkflowOperationHandler,0,274,2,28,0,50,2,18,0,5
Opencast :: jacoco-reports/opencast-workflow-workflowoperation,org.opencastproject.workflow.handler.workflow,StartWorkflowWorkflowOperationHandler,42,164,6,14,12,38,5,10,0,5
Opencast :: jacoco-reports/opencast-workflow-workflowoperation,org.opencastproject.workflow.handler.workflow,CleanupWorkflowOperationHandler,137,409,16,36,33,91,14,22,0,10
Opencast :: jacoco-reports/opencast-workflow-workflowoperation,org.opencastproject.workflow.handler.workflow,ChangeTypeWorkflowOperationHandler,54,218,4,20,10,46,5,11,1,3
Opencast :: jacoco-reports/opencast-workflow-workflowoperation,org.opencastproject.workflow.handler.workflow,ConfigureByDublinCoreTermWOH,4,183,3,21,0,36,3,13,0,4
Opencast :: jacoco-reports/opencast-workflow-workflowoperation,org.opencastproject.workflow.handler.workflow,AssertWorkflowOperationHandler,28,112,1,11,5,18,2,9,1,4
Opencast :: jacoco-reports/opencast-workflow-workflowoperation,org.opencastproject.workflow.handler.workflow,DefaultsWorkflowOperationHandler,4,125,0,4,2,21,1,5,1,3
Opencast :: jacoco-reports/opencast-workflow-workflowoperation,org.opencastproject.workflow.handler.workflow,WebvttToCutMarksWorkflowOperationHandler.Treatment,21,0,0,0,4,0,1,0,1,0
Opencast :: jacoco-reports/opencast-workflow-workflowoperation,org.opencastproject.workflow.handler.workflow,DuplicateEventWorkflowOperationHandler.SeriesInformation,12,0,0,0,5,0,1,0,1,0
Opencast :: jacoco-reports/opencast-workflow-workflowoperation,org.opencastproject.workflow.handler.workflow,AddCatalogWorkflowOperationHandler.CatalogTypeCollisionBehavior,0,21,0,0,0,2,0,1,0,1
Opencast :: jacoco-reports/opencast-working-file-repository-service-impl,org.opencastproject.workingfilerepository.impl,WorkingFileRepositoryCleaner,208,0,16,0,64,0,14,0,6,0
Opencast :: jacoco-reports/opencast-working-file-repository-service-impl,org.opencastproject.workingfilerepository.impl,WorkingFileRepositoryRestEndpoint,583,56,31,1,108,17,35,5,19,5
Opencast :: jacoco-reports/opencast-working-file-repository-service-impl,org.opencastproject.workingfilerepository.impl,WorkingFileRepositoryImpl.new FilenameFilter() {...},0,7,0,0,0,2,0,2,0,2
Opencast :: jacoco-reports/opencast-working-file-repository-service-impl,org.opencastproject.workingfilerepository.impl,WorkingFileRepositoryCleaner.Runner,29,0,0,0,11,0,3,0,3,0
Opencast :: jacoco-reports/opencast-working-file-repository-service-impl,org.opencastproject.workingfilerepository.impl,WorkingFileRepositoryImpl,771,1023,85,65,188,231,72,44,11,30
Opencast :: jacoco-reports/opencast-workspace-impl,org.opencastproject.workspace.impl,WorkspaceCleaner.Runner,32,0,0,0,10,0,3,0,3,0
Opencast :: jacoco-reports/opencast-workspace-impl,org.opencastproject.workspace.impl,WorkspaceCleaner,148,0,8,0,46,0,11,0,7,0
Opencast :: jacoco-reports/opencast-workspace-impl,org.opencastproject.workspace.impl,WorkspaceImpl.DeleteOnCloseFileInputStream,25,0,2,0,9,0,3,0,2,0
Opencast :: jacoco-reports/opencast-workspace-impl,org.opencastproject.workspace.impl,WorkspaceImpl,1230,526,94,31,252,131,85,27,25,23
