<?xml version="1.0" encoding="UTF-8" standalone="yes"?><!DOCTYPE report PUBLIC "-//JACOCO//DTD Report 1.1//EN" "report.dtd"><report name="Opencast :: dictionary-none"><sessioninfo id="runnervmyfcvg-2c14ecf0" start="1757449672323" dump="1757449719862"/><sessioninfo id="runnervmyfcvg-a11a1448" start="1757449879478" dump="1757449882099"/><sessioninfo id="runnervmyfcvg-7f3c94a4" start="1757450223742" dump="1757450225500"/><group name="opencast-common"/><group name="opencast-dictionary-api"/><group name="opencast-mpeg7"/></report>