<?xml version="1.0" encoding="UTF-8" standalone="yes"?><!DOCTYPE report PUBLIC "-//JACOCO//DTD Report 1.1//EN" "report.dtd"><report name="Opencast :: static-file-service-impl"><sessioninfo id="runnervmvatxw-8ad91aff" start="1768801286880" dump="1768801331604"/><sessioninfo id="runnervmvatxw-8d0f742b" start="1768801392706" dump="1768801395331"/><sessioninfo id="runnervmvatxw-87bb6390" start="1768801545923" dump="1768801549073"/><group name="opencast-static-file-service-api"/><group name="opencast-common"/></report>