<?xml version="1.0" encoding="UTF-8" standalone="yes"?><!DOCTYPE report PUBLIC "-//JACOCO//DTD Report 1.1//EN" "report.dtd"><report name="Opencast :: publication-service-youtube-v3"><sessioninfo id="runnervmec1zy-2d1916a8" start="1787697643087" dump="1787697687178"/><sessioninfo id="runnervmec1zy-1e98f06e" start="1787697795984" dump="1787697802958"/><sessioninfo id="runnervmec1zy-eb6a9cd3" start="1787697978345" dump="1787697983428"/><group name="opencast-publication-service-api"/><group name="opencast-workspace-api"/><group name="opencast-common"/><group name="opencast-dublincore"/></report>