<?xml version="1.0" encoding="UTF-8" standalone="yes"?><!DOCTYPE report PUBLIC "-//JACOCO//DTD Report 1.1//EN" "report.dtd"><report name="Opencast :: themes"><sessioninfo id="runnervmyfcvg-1b6a17b3" start="1758028126000" dump="1758028170834"/><sessioninfo id="runnervmyfcvg-27f8631d" start="1758028737562" dump="1758028745129"/><sessioninfo id="runnervmyfcvg-f2dfa9e2" start="1758028865668" dump="1758028875759"/><group name="opencast-common"/><group name="opencast-elasticsearch-api"/><group name="opencast-elasticsearch-index"/></report>