<?xml version="1.0" encoding="UTF-8" standalone="yes"?><!DOCTYPE report PUBLIC "-//JACOCO//DTD Report 1.1//EN" "report.dtd"><report name="Opencast :: elasticsearch-index"><sessioninfo id="runnervmyfcvg-1b6a17b3" start="1758028126000" dump="1758028170834"/><sessioninfo id="runnervmyfcvg-1f957049" start="1758028205294" dump="1758028206831"/><sessioninfo id="runnervmyfcvg-697a5f52" start="1758028365932" dump="1758028371997"/><sessioninfo id="runnervmyfcvg-16750b68" start="1758028610578" dump="1758028614443"/><sessioninfo id="runnervmyfcvg-27f8631d" start="1758028737562" dump="1758028745129"/><group name="opencast-elasticsearch-impl"/><group name="opencast-scheduler-api"/><group name="opencast-elasticsearch-api"/><group name="opencast-common"/><group name="opencast-workflow-service-api"/><group name="opencast-dublincore"/><group name="opencast-list-providers-service"/></report>