<?xml version="1.0" encoding="UTF-8" standalone="yes"?><!DOCTYPE report PUBLIC "-//JACOCO//DTD Report 1.1//EN" "report.dtd"><report name="Opencast :: asset-manager-workflowoperation"><sessioninfo id="runnervm7g52i-d3fe7fa3" start="1790181556566" dump="1790181602030"/><sessioninfo id="runnervm7g52i-d0973bc6" start="1790181610038" dump="1790181612155"/><sessioninfo id="runnervm7g52i-b0763648" start="1790182108420" dump="1790182152578"/><sessioninfo id="runnervm7g52i-632d9f94" start="1790182211600" dump="1790182216534"/><group name="opencast-asset-manager-api"/><group name="opencast-asset-manager-impl"/><group name="opencast-common"/><group name="opencast-workflow-service-api"/></report>