<?xml version="1.0" encoding="UTF-8" standalone="yes"?><!DOCTYPE report PUBLIC "-//JACOCO//DTD Report 1.1//EN" "report.dtd"><report name="Opencast :: index-service"><sessioninfo id="runnervmvatxw-8ad91aff" start="1768801286880" dump="1768801331604"/><sessioninfo id="runnervmvatxw-4e06250" start="1768801362727" dump="1768801364400"/><sessioninfo id="runnervmvatxw-a5d2eb4e" start="1768801364819" dump="1768801366615"/><sessioninfo id="runnervmvatxw-866be62d" start="1768801375751" dump="1768801385126"/><sessioninfo id="runnervmvatxw-eb981a1c" start="1768801493861" dump="1768801499792"/><sessioninfo id="runnervmvatxw-16dd0d96" start="1768801693194" dump="1768801695625"/><sessioninfo id="runnervmvatxw-410054a1" start="1768801735443" dump="1768801770218"/><sessioninfo id="runnervmvatxw-91d3e2b8" start="1768801825509" dump="1768801832195"/><sessioninfo id="runnervmvatxw-eff3ee28" start="1768801840794" dump="1768801846742"/><sessioninfo id="runnervmvatxw-e98553cd" start="1768801911910" dump="1768801927938"/><sessioninfo id="runnervmvatxw-30afde34" start="1768801906767" dump="1768801937729"/><sessioninfo id="runnervmvatxw-30741f5e" start="1768801963439" dump="1768801975112"/><group name="opencast-authorization-manager"/><group name="opencast-capture-admin-service-api"/><group name="opencast-common"/><group name="opencast-workflow-service-api"/><group name="opencast-workspace-api"/><group name="opencast-dublincore"/><group name="opencast-common-jpa-impl"/><group name="opencast-shared-filesystem-utils"/><group name="opencast-list-providers-service"/><group name="opencast-elasticsearch-api"/><group name="opencast-series-service-api"/><group name="opencast-asset-manager-api"/><group name="opencast-scheduler-api"/><group name="opencast-event-comment"/><group name="opencast-elasticsearch-impl"/><group name="opencast-ingest-service-api"/><group name="opencast-userdirectory"/><group name="opencast-distribution-workflowoperation"/><group name="opencast-elasticsearch-index"/></report>