<?xml version="1.0" encoding="UTF-8" standalone="yes"?><!DOCTYPE report PUBLIC "-//JACOCO//DTD Report 1.1//EN" "report.dtd"><report name="Opencast :: videoeditor-workflowoperation"><sessioninfo id="runnervm76wwg-bf0097cf" start="1788467512726" dump="1788467557622"/><sessioninfo id="runnervm76wwg-4e91b314" start="1788467602252" dump="1788467604718"/><sessioninfo id="runnervm76wwg-e2f5c11e" start="1788468011675" dump="1788468026348"/><sessioninfo id="runnervm76wwg-6c9a93b9" start="1788468048025" dump="1788468052603"/><group name="opencast-common"/><group name="opencast-workflow-service-api"/><group name="opencast-workspace-api"/><group name="opencast-smil-api"/><group name="opencast-silencedetection-api"/><group name="opencast-videoeditor-api"/><group name="opencast-workflow-workflowoperation"/></report>