<?xml version="1.0" encoding="UTF-8" standalone="yes"?><!DOCTYPE report PUBLIC "-//JACOCO//DTD Report 1.1//EN" "report.dtd"><report name="Opencast :: conductor"><sessioninfo id="runnervmvatxw-8ad91aff" start="1768801286880" dump="1768801331604"/><sessioninfo id="runnervmvatxw-a5d2eb4e" start="1768801364819" dump="1768801366615"/><sessioninfo id="runnervmvatxw-eb981a1c" start="1768801493861" dump="1768801499792"/><sessioninfo id="runnervmvatxw-f0a74fcb" start="1768801707014" dump="1768801718729"/><sessioninfo id="runnervmvatxw-eff3ee28" start="1768801840794" dump="1768801846742"/><sessioninfo id="runnervmvatxw-256fd8ae" start="1768801947765" dump="1768801951317"/><group name="opencast-asset-manager-api"/><group name="opencast-common"/><group name="opencast-distribution-service-api"/><group name="opencast-distribution-workflowoperation"/><group name="opencast-dublincore"/><group name="opencast-message-broker-api"/><group name="opencast-oaipmh-persistence"/><group name="opencast-publication-service-api"/><group name="opencast-search-service-api"/><group name="opencast-workspace-api"/></report>