<?xml version="1.0" encoding="UTF-8" standalone="yes"?><!DOCTYPE report PUBLIC "-//JACOCO//DTD Report 1.1//EN" "report.dtd"><report name="Opencast :: admin-service"><sessioninfo id="runnervmliwqe-7c80ebd0" start="1785746164193" dump="1785746174584"/><sessioninfo id="runnervmliwqe-4d229edd" start="1785746164357" dump="1785746213022"/><sessioninfo id="runnervmliwqe-2a26731d" start="1785746220273" dump="1785746222208"/><sessioninfo id="runnervmliwqe-467de7f1" start="1785746220225" dump="1785746222478"/><sessioninfo id="runnervmliwqe-fb8ec6d8" start="1785746239496" dump="1785746242050"/><sessioninfo id="runnervmliwqe-188ddb04" start="1785746230794" dump="1785746242669"/><sessioninfo id="runnervmliwqe-ccd74ce3" start="1785746324293" dump="1785746330782"/><sessioninfo id="runnervmliwqe-ade500cb" start="1785746360547" dump="1785746396452"/><sessioninfo id="runnervmliwqe-443aa10c" start="1785746510434" dump="1785746514007"/><sessioninfo id="runnervmliwqe-7a913a25" start="1785746548709" dump="1785746588116"/><sessioninfo id="runnervmliwqe-e249f7e1" start="1785746616891" dump="1785746623632"/><sessioninfo id="runnervmliwqe-ec759c89" start="1785746628907" dump="1785746631201"/><sessioninfo id="runnervmliwqe-35a6a262" start="1785746716362" dump="1785746733304"/><sessioninfo id="runnervmliwqe-19cb75f4" start="1785746702434" dump="1785746736595"/><sessioninfo id="runnervmliwqe-64383e14" start="1785746729108" dump="1785746742050"/><sessioninfo id="runnervmliwqe-11f4c5d9" start="1785746765001" dump="1785746774832"/><sessioninfo id="runnervmliwqe-7ac0d4ca" start="1785746786845" dump="1785746877976"/><sessioninfo id="runnervmliwqe-30194b90" start="1785746886066" dump="1785746936824"/><group name="opencast-common"/><group name="opencast-dublincore"/><group name="opencast-index-service"/><group name="opencast-presets"/><group name="opencast-series-service-api"/><group name="opencast-static-file-service-api"/><group name="opencast-statistics-service-api"/><group name="opencast-statistics-export-service-api"/><group name="opencast-userdirectory"/><group name="opencast-scheduler-api"/><group name="opencast-authorization-manager"/><group name="opencast-capture-admin-service-api"/><group name="opencast-event-comment"/><group name="opencast-themes"/><group name="opencast-asset-manager-api"/><group name="opencast-shared-filesystem-utils"/><group name="opencast-workflow-service-api"/><group name="opencast-elasticsearch-api"/><group name="opencast-elasticsearch-impl"/><group name="opencast-common-jpa-impl"/><group name="opencast-urlsigning-service-api"/><group name="opencast-list-providers-service"/><group name="opencast-elasticsearch-index"/></report>