<?xml version="1.0" encoding="UTF-8" standalone="yes"?><!DOCTYPE report PUBLIC "-//JACOCO//DTD Report 1.1//EN" "report.dtd"><report name="Opencast :: asset-manager-storage-aws"><sessioninfo id="runnervmec1zy-2d1916a8" start="1787697643087" dump="1787697687178"/><sessioninfo id="runnervmec1zy-796aeaf3" start="1787697695039" dump="1787697696975"/><sessioninfo id="runnervmec1zy-8c05a77d" start="1787698209756" dump="1787698258057"/><sessioninfo id="runnervmec1zy-bac7c854" start="1787698290634" dump="1787698315899"/><group name="opencast-common"/><group name="opencast-workspace-api"/><group name="opencast-asset-manager-api"/><group name="opencast-asset-manager-impl"/></report>