<?xml version="1.0" encoding="UTF-8" standalone="yes"?><!DOCTYPE report PUBLIC "-//JACOCO//DTD Report 1.1//EN" "report.dtd"><report name="Opencast :: notification-workflowoperation"><sessioninfo id="runnervmec1zy-2d1916a8" start="1787697643087" dump="1787697687178"/><sessioninfo id="runnervmec1zy-a3c7dcbd" start="1787697812344" dump="1787697845340"/><sessioninfo id="runnervmec1zy-f0389aad" start="1787698085129" dump="1787698091667"/><group name="opencast-common"/><group name="opencast-kernel"/><group name="opencast-workflow-service-api"/><group name="opencast-search-service-api"/><group name="opencast-email-template-service-api"/></report>